[0.040s] Invoking command in '/root/ros2_autonomous_racing/src/build/car_controller': CMAKE_PREFIX_PATH=${CMAKE_PREFIX_PATH}:/root/ros2_autonomous_racing/install/ros2_ackermann_gazebo:/opt/ros/humble /usr/bin/cmake /root/ros2_autonomous_racing/src/car_controller -DCMAKE_INSTALL_PREFIX=/root/ros2_autonomous_racing/src/install/car_controller
[0.103s] -- The C compiler identification is GNU 11.4.0
[0.158s] -- The CXX compiler identification is GNU 11.4.0
[0.164s] -- Detecting C compiler ABI info
[0.228s] -- Detecting C compiler ABI info - done
[0.234s] -- Check for working C compiler: /usr/bin/cc - skipped
[0.234s] -- Detecting C compile features
[0.234s] -- Detecting C compile features - done
[0.237s] -- Detecting CXX compiler ABI info
[0.310s] -- Detecting CXX compiler ABI info - done
[0.317s] -- Check for working CXX compiler: /usr/bin/c++ - skipped
[0.317s] -- Detecting CXX compile features
[0.317s] -- Detecting CXX compile features - done
[0.323s] -- Found ament_cmake: 1.3.11 (/opt/ros/humble/share/ament_cmake/cmake)
[0.472s] -- Found Python3: /usr/bin/python3 (found version "3.10.12") found components: Interpreter 
[0.593s] -- Found rclcpp: 16.0.12 (/opt/ros/humble/share/rclcpp/cmake)
[0.650s] -- Found rosidl_generator_c: 3.1.6 (/opt/ros/humble/share/rosidl_generator_c/cmake)
[0.659s] -- Found rosidl_adapter: 3.1.6 (/opt/ros/humble/share/rosidl_adapter/cmake)
[0.669s] -- Found rosidl_generator_cpp: 3.1.6 (/opt/ros/humble/share/rosidl_generator_cpp/cmake)
[0.684s] -- Using all available rosidl_typesupport_c: rosidl_typesupport_fastrtps_c;rosidl_typesupport_introspection_c
[0.704s] -- Using all available rosidl_typesupport_cpp: rosidl_typesupport_fastrtps_cpp;rosidl_typesupport_introspection_cpp
[0.763s] -- Found rmw_implementation_cmake: 6.1.2 (/opt/ros/humble/share/rmw_implementation_cmake/cmake)
[0.767s] -- Found rmw_fastrtps_cpp: 6.2.7 (/opt/ros/humble/share/rmw_fastrtps_cpp/cmake)
[0.879s] -- Found OpenSSL: /usr/lib/x86_64-linux-gnu/libcrypto.so (found version "3.0.2")  
[0.916s] -- Found FastRTPS: /opt/ros/humble/include  
[0.981s] -- Using RMW implementation 'rmw_fastrtps_cpp' as default
[1.001s] -- Looking for pthread.h
[1.085s] -- Looking for pthread.h - found
[1.085s] -- Performing Test CMAKE_HAVE_LIBC_PTHREAD
[1.164s] -- Performing Test CMAKE_HAVE_LIBC_PTHREAD - Success
[1.165s] -- Found Threads: TRUE  
[1.225s] -- Found geometry_msgs: 4.8.0 (/opt/ros/humble/share/geometry_msgs/cmake)
[1.242s] -- Found ament_lint_auto: 0.12.12 (/opt/ros/humble/share/ament_lint_auto/cmake)
[1.341s] -- Added test 'cppcheck' to perform static code analysis on C / C++ code
[1.341s] -- Configured cppcheck include dirs: 
[1.341s] -- Configured cppcheck exclude dirs and/or files: 
[1.342s] -- Added test 'flake8' to check Python code syntax and style conventions
[1.344s] -- Added test 'lint_cmake' to check CMake code style
[1.344s] -- Added test 'pep257' to check Python code against some of the docstring style conventions in PEP 257
[1.346s] -- Added test 'uncrustify' to check C / C++ code style
[1.346s] -- Configured uncrustify additional arguments: 
[1.347s] -- Added test 'xmllint' to check XML markup files
[1.349s] -- Configuring done
[1.369s] -- Generating done
[1.377s] -- Build files have been written to: /root/ros2_autonomous_racing/src/build/car_controller
[1.387s] Invoked command in '/root/ros2_autonomous_racing/src/build/car_controller' returned '0': CMAKE_PREFIX_PATH=${CMAKE_PREFIX_PATH}:/root/ros2_autonomous_racing/install/ros2_ackermann_gazebo:/opt/ros/humble /usr/bin/cmake /root/ros2_autonomous_racing/src/car_controller -DCMAKE_INSTALL_PREFIX=/root/ros2_autonomous_racing/src/install/car_controller
[1.390s] Invoking command in '/root/ros2_autonomous_racing/src/build/car_controller': CMAKE_PREFIX_PATH=${CMAKE_PREFIX_PATH}:/root/ros2_autonomous_racing/install/ros2_ackermann_gazebo:/opt/ros/humble /usr/bin/cmake --build /root/ros2_autonomous_racing/src/build/car_controller -- -j10 -l10
[1.451s] [ 50%] [32mBuilding CXX object CMakeFiles/ttc_node.dir/src/ttc.cpp.o[0m
[1.451s] [ 50%] [32mBuilding CXX object CMakeFiles/aeb_node.dir/src/aeb.cpp.o[0m
[11.415s] [ 75%] [32m[1mLinking CXX executable aeb_node[0m
[11.791s] [ 75%] Built target aeb_node
[13.953s] [100%] [32m[1mLinking CXX executable ttc_node[0m
[14.387s] [100%] Built target ttc_node
[14.398s] Invoked command in '/root/ros2_autonomous_racing/src/build/car_controller' returned '0': CMAKE_PREFIX_PATH=${CMAKE_PREFIX_PATH}:/root/ros2_autonomous_racing/install/ros2_ackermann_gazebo:/opt/ros/humble /usr/bin/cmake --build /root/ros2_autonomous_racing/src/build/car_controller -- -j10 -l10
[14.400s] Invoking command in '/root/ros2_autonomous_racing/src/build/car_controller': CMAKE_PREFIX_PATH=${CMAKE_PREFIX_PATH}:/root/ros2_autonomous_racing/install/ros2_ackermann_gazebo:/opt/ros/humble /usr/bin/cmake --install /root/ros2_autonomous_racing/src/build/car_controller
[14.406s] -- Install configuration: ""
[14.408s] -- Installing: /root/ros2_autonomous_racing/src/install/car_controller/lib/car_controller/ttc_node
[14.417s] -- Set runtime path of "/root/ros2_autonomous_racing/src/install/car_controller/lib/car_controller/ttc_node" to ""
[14.417s] -- Installing: /root/ros2_autonomous_racing/src/install/car_controller/lib/car_controller/aeb_node
[14.424s] -- Set runtime path of "/root/ros2_autonomous_racing/src/install/car_controller/lib/car_controller/aeb_node" to ""
[14.425s] -- Installing: /root/ros2_autonomous_racing/src/install/car_controller/share/ament_index/resource_index/package_run_dependencies/car_controller
[14.426s] -- Installing: /root/ros2_autonomous_racing/src/install/car_controller/share/ament_index/resource_index/parent_prefix_path/car_controller
[14.426s] -- Installing: /root/ros2_autonomous_racing/src/install/car_controller/share/car_controller/environment/ament_prefix_path.sh
[14.427s] -- Installing: /root/ros2_autonomous_racing/src/install/car_controller/share/car_controller/environment/ament_prefix_path.dsv
[14.427s] -- Installing: /root/ros2_autonomous_racing/src/install/car_controller/share/car_controller/environment/path.sh
[14.427s] -- Installing: /root/ros2_autonomous_racing/src/install/car_controller/share/car_controller/environment/path.dsv
[14.428s] -- Installing: /root/ros2_autonomous_racing/src/install/car_controller/share/car_controller/local_setup.bash
[14.428s] -- Installing: /root/ros2_autonomous_racing/src/install/car_controller/share/car_controller/local_setup.sh
[14.428s] -- Installing: /root/ros2_autonomous_racing/src/install/car_controller/share/car_controller/local_setup.zsh
[14.428s] -- Installing: /root/ros2_autonomous_racing/src/install/car_controller/share/car_controller/local_setup.dsv
[14.429s] -- Installing: /root/ros2_autonomous_racing/src/install/car_controller/share/car_controller/package.dsv
[14.429s] -- Installing: /root/ros2_autonomous_racing/src/install/car_controller/share/ament_index/resource_index/packages/car_controller
[14.430s] -- Installing: /root/ros2_autonomous_racing/src/install/car_controller/share/car_controller/cmake/car_controllerConfig.cmake
[14.430s] -- Installing: /root/ros2_autonomous_racing/src/install/car_controller/share/car_controller/cmake/car_controllerConfig-version.cmake
[14.431s] -- Installing: /root/ros2_autonomous_racing/src/install/car_controller/share/car_controller/package.xml
[14.434s] Invoked command in '/root/ros2_autonomous_racing/src/build/car_controller' returned '0': CMAKE_PREFIX_PATH=${CMAKE_PREFIX_PATH}:/root/ros2_autonomous_racing/install/ros2_ackermann_gazebo:/opt/ros/humble /usr/bin/cmake --install /root/ros2_autonomous_racing/src/build/car_controller
