[0.027s] Invoking command in '/root/ros2_autonomous_racing/src/build/image_controller': CMAKE_PREFIX_PATH=${CMAKE_PREFIX_PATH}:/root/ros2_autonomous_racing/install/ros2_ackermann_gazebo:/opt/ros/humble /usr/bin/cmake /root/ros2_autonomous_racing/src/image_controller -DCMAKE_INSTALL_PREFIX=/root/ros2_autonomous_racing/src/install/image_controller
[0.086s] -- The C compiler identification is GNU 11.4.0
[0.139s] -- The CXX compiler identification is GNU 11.4.0
[0.146s] -- Detecting C compiler ABI info
[0.208s] -- Detecting C compiler ABI info - done
[0.214s] -- Check for working C compiler: /usr/bin/cc - skipped
[0.214s] -- Detecting C compile features
[0.214s] -- Detecting C compile features - done
[0.217s] -- Detecting CXX compiler ABI info
[0.290s] -- Detecting CXX compiler ABI info - done
[0.296s] -- Check for working CXX compiler: /usr/bin/c++ - skipped
[0.296s] -- Detecting CXX compile features
[0.296s] -- Detecting CXX compile features - done
[0.302s] -- Found ament_cmake: 1.3.11 (/opt/ros/humble/share/ament_cmake/cmake)
[0.451s] -- Found Python3: /usr/bin/python3 (found version "3.10.12") found components: Interpreter 
[0.577s] -- Found rclcpp: 16.0.12 (/opt/ros/humble/share/rclcpp/cmake)
[0.634s] -- Found rosidl_generator_c: 3.1.6 (/opt/ros/humble/share/rosidl_generator_c/cmake)
[0.643s] -- Found rosidl_adapter: 3.1.6 (/opt/ros/humble/share/rosidl_adapter/cmake)
[0.655s] -- Found rosidl_generator_cpp: 3.1.6 (/opt/ros/humble/share/rosidl_generator_cpp/cmake)
[0.674s] -- Using all available rosidl_typesupport_c: rosidl_typesupport_fastrtps_c;rosidl_typesupport_introspection_c
[0.698s] -- Using all available rosidl_typesupport_cpp: rosidl_typesupport_fastrtps_cpp;rosidl_typesupport_introspection_cpp
[0.758s] -- Found rmw_implementation_cmake: 6.1.2 (/opt/ros/humble/share/rmw_implementation_cmake/cmake)
[0.762s] -- Found rmw_fastrtps_cpp: 6.2.7 (/opt/ros/humble/share/rmw_fastrtps_cpp/cmake)
[0.868s] -- Found OpenSSL: /usr/lib/x86_64-linux-gnu/libcrypto.so (found version "3.0.2")  
[0.903s] -- Found FastRTPS: /opt/ros/humble/include  
[0.973s] -- Using RMW implementation 'rmw_fastrtps_cpp' as default
[0.990s] -- Looking for pthread.h
[1.073s] -- Looking for pthread.h - found
[1.073s] -- Performing Test CMAKE_HAVE_LIBC_PTHREAD
[1.151s] -- Performing Test CMAKE_HAVE_LIBC_PTHREAD - Success
[1.151s] -- Found Threads: TRUE  
[1.214s] -- Found rclpy: 3.3.16 (/opt/ros/humble/share/rclpy/cmake)
[1.219s] -- Found rosbag2_cpp: 0.15.14 (/opt/ros/humble/share/rosbag2_cpp/cmake)
[1.299s] -- Found sensor_msgs: 4.8.0 (/opt/ros/humble/share/sensor_msgs/cmake)
[1.333s] -- Found rosbag2_transport: 0.15.14 (/opt/ros/humble/share/rosbag2_transport/cmake)
[1.370s] -- Found cv_bridge: 3.2.1 (/opt/ros/humble/share/cv_bridge/cmake)
[1.386s] -- Found OpenCV: /usr (found version "4.5.4") 
[1.491s] -- Found ament_lint_auto: 0.12.12 (/opt/ros/humble/share/ament_lint_auto/cmake)
[1.585s] -- Added test 'cppcheck' to perform static code analysis on C / C++ code
[1.585s] -- Configured cppcheck include dirs: 
[1.585s] -- Configured cppcheck exclude dirs and/or files: 
[1.586s] -- Added test 'flake8' to check Python code syntax and style conventions
[1.587s] -- Added test 'lint_cmake' to check CMake code style
[1.588s] -- Added test 'pep257' to check Python code against some of the docstring style conventions in PEP 257
[1.590s] -- Added test 'uncrustify' to check C / C++ code style
[1.590s] -- Configured uncrustify additional arguments: 
[1.591s] -- Added test 'xmllint' to check XML markup files
[1.593s] -- Configuring done
[1.633s] -- Generating done
[1.643s] -- Build files have been written to: /root/ros2_autonomous_racing/src/build/image_controller
[1.658s] Invoked command in '/root/ros2_autonomous_racing/src/build/image_controller' returned '0': CMAKE_PREFIX_PATH=${CMAKE_PREFIX_PATH}:/root/ros2_autonomous_racing/install/ros2_ackermann_gazebo:/opt/ros/humble /usr/bin/cmake /root/ros2_autonomous_racing/src/image_controller -DCMAKE_INSTALL_PREFIX=/root/ros2_autonomous_racing/src/install/image_controller
[1.660s] Invoking command in '/root/ros2_autonomous_racing/src/build/image_controller': CMAKE_PREFIX_PATH=${CMAKE_PREFIX_PATH}:/root/ros2_autonomous_racing/install/ros2_ackermann_gazebo:/opt/ros/humble /usr/bin/cmake --build /root/ros2_autonomous_racing/src/build/image_controller -- -j10 -l10
[1.710s] [ 33%] [32mBuilding CXX object CMakeFiles/image_transformer.dir/src/image_transformer.cpp.o[0m
[1.710s] [ 33%] [32mBuilding CXX object CMakeFiles/image_recorder.dir/src/image_recorder.cpp.o[0m
[1.712s] [ 50%] [32mBuilding CXX object CMakeFiles/image_bag_reader.dir/src/image_bag_reader.cpp.o[0m
[1.718s] [ 50%] Built target ament_cmake_python_copy_image_controller
[2.044s] running egg_info
[2.045s] creating image_controller.egg-info
[2.046s] writing image_controller.egg-info/PKG-INFO
[2.046s] writing dependency_links to image_controller.egg-info/dependency_links.txt
[2.046s] writing top-level names to image_controller.egg-info/top_level.txt
[2.047s] writing manifest file 'image_controller.egg-info/SOURCES.txt'
[2.049s] reading manifest file 'image_controller.egg-info/SOURCES.txt'
[2.049s] writing manifest file 'image_controller.egg-info/SOURCES.txt'
[2.078s] [ 50%] Built target ament_cmake_python_build_image_controller_egg
[8.427s] [ 66%] [32m[1mLinking CXX executable image_bag_reader[0m
[8.695s] [ 66%] Built target image_bag_reader
[11.996s] [ 83%] [32m[1mLinking CXX executable image_recorder[0m
[12.390s] [ 83%] Built target image_recorder
[13.638s] [100%] [32m[1mLinking CXX executable image_transformer[0m
[14.338s] [100%] Built target image_transformer
[14.350s] Invoked command in '/root/ros2_autonomous_racing/src/build/image_controller' returned '0': CMAKE_PREFIX_PATH=${CMAKE_PREFIX_PATH}:/root/ros2_autonomous_racing/install/ros2_ackermann_gazebo:/opt/ros/humble /usr/bin/cmake --build /root/ros2_autonomous_racing/src/build/image_controller -- -j10 -l10
[14.361s] Invoking command in '/root/ros2_autonomous_racing/src/build/image_controller': CMAKE_PREFIX_PATH=${CMAKE_PREFIX_PATH}:/root/ros2_autonomous_racing/install/ros2_ackermann_gazebo:/opt/ros/humble /usr/bin/cmake --install /root/ros2_autonomous_racing/src/build/image_controller
[14.367s] -- Install configuration: ""
[14.368s] -- Installing: /root/ros2_autonomous_racing/src/install/image_controller/lib/image_controller/image_recorder
[14.374s] -- Set runtime path of "/root/ros2_autonomous_racing/src/install/image_controller/lib/image_controller/image_recorder" to ""
[14.374s] -- Installing: /root/ros2_autonomous_racing/src/install/image_controller/lib/image_controller/image_bag_reader
[14.376s] -- Set runtime path of "/root/ros2_autonomous_racing/src/install/image_controller/lib/image_controller/image_bag_reader" to ""
[14.376s] -- Installing: /root/ros2_autonomous_racing/src/install/image_controller/lib/image_controller/image_transformer
[14.382s] -- Set runtime path of "/root/ros2_autonomous_racing/src/install/image_controller/lib/image_controller/image_transformer" to ""
[14.382s] -- Installing: /root/ros2_autonomous_racing/src/install/image_controller/lib/image_controller/image_logic.py
[14.383s] -- Installing: /root/ros2_autonomous_racing/src/install/image_controller/share/image_controller/environment/pythonpath.sh
[14.383s] -- Installing: /root/ros2_autonomous_racing/src/install/image_controller/share/image_controller/environment/pythonpath.dsv
[14.383s] -- Installing: /root/ros2_autonomous_racing/src/install/image_controller/local/lib/python3.10/dist-packages/image_controller-0.0.0-py3.10.egg-info
[14.384s] -- Installing: /root/ros2_autonomous_racing/src/install/image_controller/local/lib/python3.10/dist-packages/image_controller-0.0.0-py3.10.egg-info/top_level.txt
[14.385s] -- Installing: /root/ros2_autonomous_racing/src/install/image_controller/local/lib/python3.10/dist-packages/image_controller-0.0.0-py3.10.egg-info/SOURCES.txt
[14.385s] -- Installing: /root/ros2_autonomous_racing/src/install/image_controller/local/lib/python3.10/dist-packages/image_controller-0.0.0-py3.10.egg-info/dependency_links.txt
[14.385s] -- Installing: /root/ros2_autonomous_racing/src/install/image_controller/local/lib/python3.10/dist-packages/image_controller-0.0.0-py3.10.egg-info/PKG-INFO
[14.386s] -- Installing: /root/ros2_autonomous_racing/src/install/image_controller/local/lib/python3.10/dist-packages/image_controller
[14.387s] -- Installing: /root/ros2_autonomous_racing/src/install/image_controller/local/lib/python3.10/dist-packages/image_controller/__init__.py
[14.387s] -- Installing: /root/ros2_autonomous_racing/src/install/image_controller/local/lib/python3.10/dist-packages/image_controller/camera_software.py
[14.387s] -- Installing: /root/ros2_autonomous_racing/src/install/image_controller/local/lib/python3.10/dist-packages/image_controller/image_logic.py
[14.424s] Listing '/root/ros2_autonomous_racing/src/install/image_controller/local/lib/python3.10/dist-packages/image_controller'...
[14.424s] Compiling '/root/ros2_autonomous_racing/src/install/image_controller/local/lib/python3.10/dist-packages/image_controller/__init__.py'...
[14.425s] Compiling '/root/ros2_autonomous_racing/src/install/image_controller/local/lib/python3.10/dist-packages/image_controller/camera_software.py'...
[14.425s] Compiling '/root/ros2_autonomous_racing/src/install/image_controller/local/lib/python3.10/dist-packages/image_controller/image_logic.py'...
[14.429s] -- Installing: /root/ros2_autonomous_racing/src/install/image_controller/share/image_controller//launch
[14.430s] -- Installing: /root/ros2_autonomous_racing/src/install/image_controller/share/image_controller//launch/test_image_logic_launch.py
[14.431s] -- Installing: /root/ros2_autonomous_racing/src/install/image_controller/share/image_controller//launch/publish_bag_launch.py
[14.431s] -- Installing: /root/ros2_autonomous_racing/src/install/image_controller/share/ament_index/resource_index/package_run_dependencies/image_controller
[14.431s] -- Installing: /root/ros2_autonomous_racing/src/install/image_controller/share/ament_index/resource_index/parent_prefix_path/image_controller
[14.432s] -- Installing: /root/ros2_autonomous_racing/src/install/image_controller/share/image_controller/environment/ament_prefix_path.sh
[14.433s] -- Installing: /root/ros2_autonomous_racing/src/install/image_controller/share/image_controller/environment/ament_prefix_path.dsv
[14.433s] -- Installing: /root/ros2_autonomous_racing/src/install/image_controller/share/image_controller/environment/path.sh
[14.433s] -- Installing: /root/ros2_autonomous_racing/src/install/image_controller/share/image_controller/environment/path.dsv
[14.433s] -- Installing: /root/ros2_autonomous_racing/src/install/image_controller/share/image_controller/local_setup.bash
[14.433s] -- Installing: /root/ros2_autonomous_racing/src/install/image_controller/share/image_controller/local_setup.sh
[14.433s] -- Installing: /root/ros2_autonomous_racing/src/install/image_controller/share/image_controller/local_setup.zsh
[14.433s] -- Installing: /root/ros2_autonomous_racing/src/install/image_controller/share/image_controller/local_setup.dsv
[14.434s] -- Installing: /root/ros2_autonomous_racing/src/install/image_controller/share/image_controller/package.dsv
[14.434s] -- Installing: /root/ros2_autonomous_racing/src/install/image_controller/share/ament_index/resource_index/packages/image_controller
[14.435s] -- Installing: /root/ros2_autonomous_racing/src/install/image_controller/share/image_controller/cmake/image_controllerConfig.cmake
[14.435s] -- Installing: /root/ros2_autonomous_racing/src/install/image_controller/share/image_controller/cmake/image_controllerConfig-version.cmake
[14.436s] -- Installing: /root/ros2_autonomous_racing/src/install/image_controller/share/image_controller/package.xml
[14.439s] Invoked command in '/root/ros2_autonomous_racing/src/build/image_controller' returned '0': CMAKE_PREFIX_PATH=${CMAKE_PREFIX_PATH}:/root/ros2_autonomous_racing/install/ros2_ackermann_gazebo:/opt/ros/humble /usr/bin/cmake --install /root/ros2_autonomous_racing/src/build/image_controller
