[0.680s] Invoking command in '/root/ros2_autonomous_racing/src/ros2_ackermann_gazebo': PYTHONPATH=/root/ros2_autonomous_racing/src/build/ros2_ackermann_gazebo/prefix_override:/usr/lib/python3/dist-packages/colcon_core/task/python/colcon_distutils_commands:/root/ros2_autonomous_racing/src/install/ros2_ackermann_gazebo/lib/python3.10/site-packages:${PYTHONPATH} /usr/bin/python3 -W ignore:setup.py install is deprecated -W ignore:easy_install command is deprecated setup.py egg_info --egg-base ../build/ros2_ackermann_gazebo build --build-base /root/ros2_autonomous_racing/src/build/ros2_ackermann_gazebo/build install --record /root/ros2_autonomous_racing/src/build/ros2_ackermann_gazebo/install.log --single-version-externally-managed install_data
[0.906s] running egg_info
[0.906s] writing ../build/ros2_ackermann_gazebo/ros2_ackermann_gazebo.egg-info/PKG-INFO
[0.907s] writing dependency_links to ../build/ros2_ackermann_gazebo/ros2_ackermann_gazebo.egg-info/dependency_links.txt
[0.907s] writing entry points to ../build/ros2_ackermann_gazebo/ros2_ackermann_gazebo.egg-info/entry_points.txt
[0.907s] writing requirements to ../build/ros2_ackermann_gazebo/ros2_ackermann_gazebo.egg-info/requires.txt
[0.907s] writing top-level names to ../build/ros2_ackermann_gazebo/ros2_ackermann_gazebo.egg-info/top_level.txt
[0.909s] reading manifest file '../build/ros2_ackermann_gazebo/ros2_ackermann_gazebo.egg-info/SOURCES.txt'
[0.910s] adding license file 'LICENSE'
[0.911s] writing manifest file '../build/ros2_ackermann_gazebo/ros2_ackermann_gazebo.egg-info/SOURCES.txt'
[0.911s] running build
[0.911s] running build_py
[0.911s] running install
[0.911s] running install_lib
[0.912s] running install_data
[0.912s] running install_egg_info
[0.914s] removing '/root/ros2_autonomous_racing/src/install/ros2_ackermann_gazebo/lib/python3.10/site-packages/ros2_ackermann_gazebo-0.0.0-py3.10.egg-info' (and everything under it)
[0.914s] Copying ../build/ros2_ackermann_gazebo/ros2_ackermann_gazebo.egg-info to /root/ros2_autonomous_racing/src/install/ros2_ackermann_gazebo/lib/python3.10/site-packages/ros2_ackermann_gazebo-0.0.0-py3.10.egg-info
[0.916s] running install_scripts
[0.938s] writing list of installed files to '/root/ros2_autonomous_racing/src/build/ros2_ackermann_gazebo/install.log'
[0.962s] Invoked command in '/root/ros2_autonomous_racing/src/ros2_ackermann_gazebo' returned '0': PYTHONPATH=/root/ros2_autonomous_racing/src/build/ros2_ackermann_gazebo/prefix_override:/usr/lib/python3/dist-packages/colcon_core/task/python/colcon_distutils_commands:/root/ros2_autonomous_racing/src/install/ros2_ackermann_gazebo/lib/python3.10/site-packages:${PYTHONPATH} /usr/bin/python3 -W ignore:setup.py install is deprecated -W ignore:easy_install command is deprecated setup.py egg_info --egg-base ../build/ros2_ackermann_gazebo build --build-base /root/ros2_autonomous_racing/src/build/ros2_ackermann_gazebo/build install --record /root/ros2_autonomous_racing/src/build/ros2_ackermann_gazebo/install.log --single-version-externally-managed install_data
