[35m[1mConsolidate compiler generated dependencies of target image_bag_reader[0m
[35m[1mConsolidate compiler generated dependencies of target image_recorder[0m
[35m[1mConsolidate compiler generated dependencies of target image_transformer[0m
[  0%] Built target ament_cmake_python_copy_image_controller
[ 33%] Built target image_recorder
[ 66%] Built target image_transformer
[100%] Built target image_bag_reader
running egg_info
writing image_controller.egg-info/PKG-INFO
writing dependency_links to image_controller.egg-info/dependency_links.txt
writing top-level names to image_controller.egg-info/top_level.txt
reading manifest file 'image_controller.egg-info/SOURCES.txt'
writing manifest file 'image_controller.egg-info/SOURCES.txt'
[100%] Built target ament_cmake_python_build_image_controller_egg
-- Install configuration: ""
-- Up-to-date: /root/ros2_autonomous_racing/src/install/image_controller/lib/image_controller/image_recorder
-- Up-to-date: /root/ros2_autonomous_racing/src/install/image_controller/lib/image_controller/image_bag_reader
-- Up-to-date: /root/ros2_autonomous_racing/src/install/image_controller/lib/image_controller/image_transformer
-- Up-to-date: /root/ros2_autonomous_racing/src/install/image_controller/lib/image_controller/image_logic.py
-- Up-to-date: /root/ros2_autonomous_racing/src/install/image_controller/share/image_controller/environment/pythonpath.sh
-- Up-to-date: /root/ros2_autonomous_racing/src/install/image_controller/share/image_controller/environment/pythonpath.dsv
-- Up-to-date: /root/ros2_autonomous_racing/src/install/image_controller/local/lib/python3.10/dist-packages/image_controller-0.0.0-py3.10.egg-info
-- Installing: /root/ros2_autonomous_racing/src/install/image_controller/local/lib/python3.10/dist-packages/image_controller-0.0.0-py3.10.egg-info/top_level.txt
-- Installing: /root/ros2_autonomous_racing/src/install/image_controller/local/lib/python3.10/dist-packages/image_controller-0.0.0-py3.10.egg-info/SOURCES.txt
-- Installing: /root/ros2_autonomous_racing/src/install/image_controller/local/lib/python3.10/dist-packages/image_controller-0.0.0-py3.10.egg-info/dependency_links.txt
-- Installing: /root/ros2_autonomous_racing/src/install/image_controller/local/lib/python3.10/dist-packages/image_controller-0.0.0-py3.10.egg-info/PKG-INFO
-- Up-to-date: /root/ros2_autonomous_racing/src/install/image_controller/local/lib/python3.10/dist-packages/image_controller
-- Up-to-date: /root/ros2_autonomous_racing/src/install/image_controller/local/lib/python3.10/dist-packages/image_controller/__init__.py
-- Up-to-date: /root/ros2_autonomous_racing/src/install/image_controller/local/lib/python3.10/dist-packages/image_controller/camera_software.py
-- Up-to-date: /root/ros2_autonomous_racing/src/install/image_controller/local/lib/python3.10/dist-packages/image_controller/image_logic.py
Listing '/root/ros2_autonomous_racing/src/install/image_controller/local/lib/python3.10/dist-packages/image_controller'...
-- Up-to-date: /root/ros2_autonomous_racing/src/install/image_controller/share/image_controller//launch
-- Up-to-date: /root/ros2_autonomous_racing/src/install/image_controller/share/image_controller//launch/test_image_logic_launch.py
-- Up-to-date: /root/ros2_autonomous_racing/src/install/image_controller/share/image_controller//launch/publish_bag_launch.py
-- Up-to-date: /root/ros2_autonomous_racing/src/install/image_controller/share/ament_index/resource_index/package_run_dependencies/image_controller
-- Up-to-date: /root/ros2_autonomous_racing/src/install/image_controller/share/ament_index/resource_index/parent_prefix_path/image_controller
-- Up-to-date: /root/ros2_autonomous_racing/src/install/image_controller/share/image_controller/environment/ament_prefix_path.sh
-- Up-to-date: /root/ros2_autonomous_racing/src/install/image_controller/share/image_controller/environment/ament_prefix_path.dsv
-- Up-to-date: /root/ros2_autonomous_racing/src/install/image_controller/share/image_controller/environment/path.sh
-- Up-to-date: /root/ros2_autonomous_racing/src/install/image_controller/share/image_controller/environment/path.dsv
-- Up-to-date: /root/ros2_autonomous_racing/src/install/image_controller/share/image_controller/local_setup.bash
-- Up-to-date: /root/ros2_autonomous_racing/src/install/image_controller/share/image_controller/local_setup.sh
-- Up-to-date: /root/ros2_autonomous_racing/src/install/image_controller/share/image_controller/local_setup.zsh
-- Up-to-date: /root/ros2_autonomous_racing/src/install/image_controller/share/image_controller/local_setup.dsv
-- Installing: /root/ros2_autonomous_racing/src/install/image_controller/share/image_controller/package.dsv
-- Up-to-date: /root/ros2_autonomous_racing/src/install/image_controller/share/ament_index/resource_index/packages/image_controller
-- Up-to-date: /root/ros2_autonomous_racing/src/install/image_controller/share/image_controller/cmake/image_controllerConfig.cmake
-- Up-to-date: /root/ros2_autonomous_racing/src/install/image_controller/share/image_controller/cmake/image_controllerConfig-version.cmake
-- Up-to-date: /root/ros2_autonomous_racing/src/install/image_controller/share/image_controller/package.xml
