[0.023s] Invoking command in '/root/ros2_autonomous_racing/src/build/image_controller': CMAKE_PREFIX_PATH=${CMAKE_PREFIX_PATH}:/root/ros2_autonomous_racing/install/ros2_ackermann_gazebo:/opt/ros/humble /usr/bin/cmake --build /root/ros2_autonomous_racing/src/build/image_controller -- -j10 -l10
[0.056s] [35m[1mConsolidate compiler generated dependencies of target image_bag_reader[0m
[0.056s] [35m[1mConsolidate compiler generated dependencies of target image_recorder[0m
[0.056s] [35m[1mConsolidate compiler generated dependencies of target image_transformer[0m
[0.077s] [  0%] Built target ament_cmake_python_copy_image_controller
[0.079s] [ 33%] Built target image_recorder
[0.081s] [ 66%] Built target image_transformer
[0.082s] [100%] Built target image_bag_reader
[0.326s] running egg_info
[0.327s] writing image_controller.egg-info/PKG-INFO
[0.327s] writing dependency_links to image_controller.egg-info/dependency_links.txt
[0.327s] writing top-level names to image_controller.egg-info/top_level.txt
[0.329s] reading manifest file 'image_controller.egg-info/SOURCES.txt'
[0.330s] writing manifest file 'image_controller.egg-info/SOURCES.txt'
[0.358s] [100%] Built target ament_cmake_python_build_image_controller_egg
[0.369s] Invoked command in '/root/ros2_autonomous_racing/src/build/image_controller' returned '0': CMAKE_PREFIX_PATH=${CMAKE_PREFIX_PATH}:/root/ros2_autonomous_racing/install/ros2_ackermann_gazebo:/opt/ros/humble /usr/bin/cmake --build /root/ros2_autonomous_racing/src/build/image_controller -- -j10 -l10
[0.380s] Invoking command in '/root/ros2_autonomous_racing/src/build/image_controller': CMAKE_PREFIX_PATH=${CMAKE_PREFIX_PATH}:/root/ros2_autonomous_racing/install/ros2_ackermann_gazebo:/opt/ros/humble /usr/bin/cmake --install /root/ros2_autonomous_racing/src/build/image_controller
[0.386s] -- Install configuration: ""
[0.386s] -- Up-to-date: /root/ros2_autonomous_racing/src/install/image_controller/lib/image_controller/image_recorder
[0.387s] -- Up-to-date: /root/ros2_autonomous_racing/src/install/image_controller/lib/image_controller/image_bag_reader
[0.387s] -- Up-to-date: /root/ros2_autonomous_racing/src/install/image_controller/lib/image_controller/image_transformer
[0.387s] -- Up-to-date: /root/ros2_autonomous_racing/src/install/image_controller/lib/image_controller/image_logic.py
[0.388s] -- Up-to-date: /root/ros2_autonomous_racing/src/install/image_controller/share/image_controller/environment/pythonpath.sh
[0.388s] -- Up-to-date: /root/ros2_autonomous_racing/src/install/image_controller/share/image_controller/environment/pythonpath.dsv
[0.388s] -- Up-to-date: /root/ros2_autonomous_racing/src/install/image_controller/local/lib/python3.10/dist-packages/image_controller-0.0.0-py3.10.egg-info
[0.388s] -- Installing: /root/ros2_autonomous_racing/src/install/image_controller/local/lib/python3.10/dist-packages/image_controller-0.0.0-py3.10.egg-info/top_level.txt
[0.388s] -- Installing: /root/ros2_autonomous_racing/src/install/image_controller/local/lib/python3.10/dist-packages/image_controller-0.0.0-py3.10.egg-info/SOURCES.txt
[0.388s] -- Installing: /root/ros2_autonomous_racing/src/install/image_controller/local/lib/python3.10/dist-packages/image_controller-0.0.0-py3.10.egg-info/dependency_links.txt
[0.389s] -- Installing: /root/ros2_autonomous_racing/src/install/image_controller/local/lib/python3.10/dist-packages/image_controller-0.0.0-py3.10.egg-info/PKG-INFO
[0.389s] -- Up-to-date: /root/ros2_autonomous_racing/src/install/image_controller/local/lib/python3.10/dist-packages/image_controller
[0.389s] -- Up-to-date: /root/ros2_autonomous_racing/src/install/image_controller/local/lib/python3.10/dist-packages/image_controller/__init__.py
[0.389s] -- Up-to-date: /root/ros2_autonomous_racing/src/install/image_controller/local/lib/python3.10/dist-packages/image_controller/camera_software.py
[0.389s] -- Up-to-date: /root/ros2_autonomous_racing/src/install/image_controller/local/lib/python3.10/dist-packages/image_controller/image_logic.py
[0.424s] Listing '/root/ros2_autonomous_racing/src/install/image_controller/local/lib/python3.10/dist-packages/image_controller'...
[0.429s] -- Up-to-date: /root/ros2_autonomous_racing/src/install/image_controller/share/image_controller//launch
[0.430s] -- Up-to-date: /root/ros2_autonomous_racing/src/install/image_controller/share/image_controller//launch/test_image_logic_launch.py
[0.430s] -- Up-to-date: /root/ros2_autonomous_racing/src/install/image_controller/share/image_controller//launch/publish_bag_launch.py
[0.430s] -- Up-to-date: /root/ros2_autonomous_racing/src/install/image_controller/share/ament_index/resource_index/package_run_dependencies/image_controller
[0.430s] -- Up-to-date: /root/ros2_autonomous_racing/src/install/image_controller/share/ament_index/resource_index/parent_prefix_path/image_controller
[0.430s] -- Up-to-date: /root/ros2_autonomous_racing/src/install/image_controller/share/image_controller/environment/ament_prefix_path.sh
[0.430s] -- Up-to-date: /root/ros2_autonomous_racing/src/install/image_controller/share/image_controller/environment/ament_prefix_path.dsv
[0.430s] -- Up-to-date: /root/ros2_autonomous_racing/src/install/image_controller/share/image_controller/environment/path.sh
[0.431s] -- Up-to-date: /root/ros2_autonomous_racing/src/install/image_controller/share/image_controller/environment/path.dsv
[0.431s] -- Up-to-date: /root/ros2_autonomous_racing/src/install/image_controller/share/image_controller/local_setup.bash
[0.431s] -- Up-to-date: /root/ros2_autonomous_racing/src/install/image_controller/share/image_controller/local_setup.sh
[0.431s] -- Up-to-date: /root/ros2_autonomous_racing/src/install/image_controller/share/image_controller/local_setup.zsh
[0.431s] -- Up-to-date: /root/ros2_autonomous_racing/src/install/image_controller/share/image_controller/local_setup.dsv
[0.431s] -- Installing: /root/ros2_autonomous_racing/src/install/image_controller/share/image_controller/package.dsv
[0.431s] -- Up-to-date: /root/ros2_autonomous_racing/src/install/image_controller/share/ament_index/resource_index/packages/image_controller
[0.431s] -- Up-to-date: /root/ros2_autonomous_racing/src/install/image_controller/share/image_controller/cmake/image_controllerConfig.cmake
[0.431s] -- Up-to-date: /root/ros2_autonomous_racing/src/install/image_controller/share/image_controller/cmake/image_controllerConfig-version.cmake
[0.431s] -- Up-to-date: /root/ros2_autonomous_racing/src/install/image_controller/share/image_controller/package.xml
[0.433s] Invoked command in '/root/ros2_autonomous_racing/src/build/image_controller' returned '0': CMAKE_PREFIX_PATH=${CMAKE_PREFIX_PATH}:/root/ros2_autonomous_racing/install/ros2_ackermann_gazebo:/opt/ros/humble /usr/bin/cmake --install /root/ros2_autonomous_racing/src/build/image_controller
