-- Found ament_cmake: 1.3.11 (/opt/ros/humble/share/ament_cmake/cmake)
-- Found rclcpp: 16.0.12 (/opt/ros/humble/share/rclcpp/cmake)
-- Found rosidl_generator_c: 3.1.6 (/opt/ros/humble/share/rosidl_generator_c/cmake)
-- Found rosidl_adapter: 3.1.6 (/opt/ros/humble/share/rosidl_adapter/cmake)
-- Found rosidl_generator_cpp: 3.1.6 (/opt/ros/humble/share/rosidl_generator_cpp/cmake)
-- Using all available rosidl_typesupport_c: rosidl_typesupport_fastrtps_c;rosidl_typesupport_introspection_c
-- Using all available rosidl_typesupport_cpp: rosidl_typesupport_fastrtps_cpp;rosidl_typesupport_introspection_cpp
-- Found rmw_implementation_cmake: 6.1.2 (/opt/ros/humble/share/rmw_implementation_cmake/cmake)
-- Found rmw_fastrtps_cpp: 6.2.7 (/opt/ros/humble/share/rmw_fastrtps_cpp/cmake)
-- Using RMW implementation 'rmw_fastrtps_cpp' as default
-- Found geometry_msgs: 4.8.0 (/opt/ros/humble/share/geometry_msgs/cmake)
-- Found ament_lint_auto: 0.12.12 (/opt/ros/humble/share/ament_lint_auto/cmake)
-- Added test 'cppcheck' to perform static code analysis on C / C++ code
-- Configured cppcheck include dirs: 
-- Configured cppcheck exclude dirs and/or files: 
-- Added test 'flake8' to check Python code syntax and style conventions
-- Added test 'lint_cmake' to check CMake code style
-- Added test 'pep257' to check Python code against some of the docstring style conventions in PEP 257
-- Added test 'uncrustify' to check C / C++ code style
-- Configured uncrustify additional arguments: 
-- Added test 'xmllint' to check XML markup files
-- Configuring done
-- Generating done
-- Build files have been written to: /root/ros2_autonomous_racing/src/build/car_controller
[35m[1mConsolidate compiler generated dependencies of target aeb_node[0m
[35m[1mConsolidate compiler generated dependencies of target ttc_node[0m
[ 50%] Built target ttc_node
[100%] Built target aeb_node
-- Install configuration: ""
-- Up-to-date: /root/ros2_autonomous_racing/src/install/car_controller/lib/car_controller/ttc_node
-- Up-to-date: /root/ros2_autonomous_racing/src/install/car_controller/lib/car_controller/aeb_node
-- Installing: /root/ros2_autonomous_racing/src/install/car_controller/share/car_controller//launch
-- Installing: /root/ros2_autonomous_racing/src/install/car_controller/share/car_controller//launch/test_launch.py
-- Up-to-date: /root/ros2_autonomous_racing/src/install/car_controller/share/ament_index/resource_index/package_run_dependencies/car_controller
-- Up-to-date: /root/ros2_autonomous_racing/src/install/car_controller/share/ament_index/resource_index/parent_prefix_path/car_controller
-- Up-to-date: /root/ros2_autonomous_racing/src/install/car_controller/share/car_controller/environment/ament_prefix_path.sh
-- Installing: /root/ros2_autonomous_racing/src/install/car_controller/share/car_controller/environment/ament_prefix_path.dsv
-- Up-to-date: /root/ros2_autonomous_racing/src/install/car_controller/share/car_controller/environment/path.sh
-- Installing: /root/ros2_autonomous_racing/src/install/car_controller/share/car_controller/environment/path.dsv
-- Up-to-date: /root/ros2_autonomous_racing/src/install/car_controller/share/car_controller/local_setup.bash
-- Up-to-date: /root/ros2_autonomous_racing/src/install/car_controller/share/car_controller/local_setup.sh
-- Up-to-date: /root/ros2_autonomous_racing/src/install/car_controller/share/car_controller/local_setup.zsh
-- Installing: /root/ros2_autonomous_racing/src/install/car_controller/share/car_controller/local_setup.dsv
-- Installing: /root/ros2_autonomous_racing/src/install/car_controller/share/car_controller/package.dsv
-- Up-to-date: /root/ros2_autonomous_racing/src/install/car_controller/share/ament_index/resource_index/packages/car_controller
-- Up-to-date: /root/ros2_autonomous_racing/src/install/car_controller/share/car_controller/cmake/car_controllerConfig.cmake
-- Up-to-date: /root/ros2_autonomous_racing/src/install/car_controller/share/car_controller/cmake/car_controllerConfig-version.cmake
-- Up-to-date: /root/ros2_autonomous_racing/src/install/car_controller/share/car_controller/package.xml
