[0.039s] Invoking command in '/root/ros2_autonomous_racing/src/build/car_controller': CMAKE_PREFIX_PATH=${CMAKE_PREFIX_PATH}:/root/ros2_autonomous_racing/install/ros2_ackermann_gazebo:/opt/ros/humble /usr/bin/cmake --build /root/ros2_autonomous_racing/src/build/car_controller -- -j10 -l10
[0.063s] -- Found ament_cmake: 1.3.11 (/opt/ros/humble/share/ament_cmake/cmake)
[0.196s] -- Found rclcpp: 16.0.12 (/opt/ros/humble/share/rclcpp/cmake)
[0.227s] -- Found rosidl_generator_c: 3.1.6 (/opt/ros/humble/share/rosidl_generator_c/cmake)
[0.229s] -- Found rosidl_adapter: 3.1.6 (/opt/ros/humble/share/rosidl_adapter/cmake)
[0.234s] -- Found rosidl_generator_cpp: 3.1.6 (/opt/ros/humble/share/rosidl_generator_cpp/cmake)
[0.243s] -- Using all available rosidl_typesupport_c: rosidl_typesupport_fastrtps_c;rosidl_typesupport_introspection_c
[0.254s] -- Using all available rosidl_typesupport_cpp: rosidl_typesupport_fastrtps_cpp;rosidl_typesupport_introspection_cpp
[0.283s] -- Found rmw_implementation_cmake: 6.1.2 (/opt/ros/humble/share/rmw_implementation_cmake/cmake)
[0.284s] -- Found rmw_fastrtps_cpp: 6.2.7 (/opt/ros/humble/share/rmw_fastrtps_cpp/cmake)
[0.421s] -- Using RMW implementation 'rmw_fastrtps_cpp' as default
[0.469s] -- Found geometry_msgs: 4.8.0 (/opt/ros/humble/share/geometry_msgs/cmake)
[0.483s] -- Found ament_lint_auto: 0.12.12 (/opt/ros/humble/share/ament_lint_auto/cmake)
[0.550s] -- Added test 'cppcheck' to perform static code analysis on C / C++ code
[0.550s] -- Configured cppcheck include dirs: 
[0.550s] -- Configured cppcheck exclude dirs and/or files: 
[0.550s] -- Added test 'flake8' to check Python code syntax and style conventions
[0.551s] -- Added test 'lint_cmake' to check CMake code style
[0.551s] -- Added test 'pep257' to check Python code against some of the docstring style conventions in PEP 257
[0.552s] -- Added test 'uncrustify' to check C / C++ code style
[0.552s] -- Configured uncrustify additional arguments: 
[0.552s] -- Added test 'xmllint' to check XML markup files
[0.553s] -- Configuring done
[0.568s] -- Generating done
[0.574s] -- Build files have been written to: /root/ros2_autonomous_racing/src/build/car_controller
[0.598s] [35m[1mConsolidate compiler generated dependencies of target aeb_node[0m
[0.599s] [35m[1mConsolidate compiler generated dependencies of target ttc_node[0m
[0.620s] [ 50%] Built target ttc_node
[0.620s] [100%] Built target aeb_node
[0.631s] Invoked command in '/root/ros2_autonomous_racing/src/build/car_controller' returned '0': CMAKE_PREFIX_PATH=${CMAKE_PREFIX_PATH}:/root/ros2_autonomous_racing/install/ros2_ackermann_gazebo:/opt/ros/humble /usr/bin/cmake --build /root/ros2_autonomous_racing/src/build/car_controller -- -j10 -l10
[0.634s] Invoking command in '/root/ros2_autonomous_racing/src/build/car_controller': CMAKE_PREFIX_PATH=${CMAKE_PREFIX_PATH}:/root/ros2_autonomous_racing/install/ros2_ackermann_gazebo:/opt/ros/humble /usr/bin/cmake --install /root/ros2_autonomous_racing/src/build/car_controller
[0.640s] -- Install configuration: ""
[0.640s] -- Up-to-date: /root/ros2_autonomous_racing/src/install/car_controller/lib/car_controller/ttc_node
[0.640s] -- Up-to-date: /root/ros2_autonomous_racing/src/install/car_controller/lib/car_controller/aeb_node
[0.641s] -- Installing: /root/ros2_autonomous_racing/src/install/car_controller/share/car_controller//launch
[0.641s] -- Installing: /root/ros2_autonomous_racing/src/install/car_controller/share/car_controller//launch/test_launch.py
[0.641s] -- Up-to-date: /root/ros2_autonomous_racing/src/install/car_controller/share/ament_index/resource_index/package_run_dependencies/car_controller
[0.641s] -- Up-to-date: /root/ros2_autonomous_racing/src/install/car_controller/share/ament_index/resource_index/parent_prefix_path/car_controller
[0.641s] -- Up-to-date: /root/ros2_autonomous_racing/src/install/car_controller/share/car_controller/environment/ament_prefix_path.sh
[0.642s] -- Installing: /root/ros2_autonomous_racing/src/install/car_controller/share/car_controller/environment/ament_prefix_path.dsv
[0.642s] -- Up-to-date: /root/ros2_autonomous_racing/src/install/car_controller/share/car_controller/environment/path.sh
[0.642s] -- Installing: /root/ros2_autonomous_racing/src/install/car_controller/share/car_controller/environment/path.dsv
[0.642s] -- Up-to-date: /root/ros2_autonomous_racing/src/install/car_controller/share/car_controller/local_setup.bash
[0.642s] -- Up-to-date: /root/ros2_autonomous_racing/src/install/car_controller/share/car_controller/local_setup.sh
[0.642s] -- Up-to-date: /root/ros2_autonomous_racing/src/install/car_controller/share/car_controller/local_setup.zsh
[0.642s] -- Installing: /root/ros2_autonomous_racing/src/install/car_controller/share/car_controller/local_setup.dsv
[0.643s] -- Installing: /root/ros2_autonomous_racing/src/install/car_controller/share/car_controller/package.dsv
[0.643s] -- Up-to-date: /root/ros2_autonomous_racing/src/install/car_controller/share/ament_index/resource_index/packages/car_controller
[0.643s] -- Up-to-date: /root/ros2_autonomous_racing/src/install/car_controller/share/car_controller/cmake/car_controllerConfig.cmake
[0.643s] -- Up-to-date: /root/ros2_autonomous_racing/src/install/car_controller/share/car_controller/cmake/car_controllerConfig-version.cmake
[0.643s] -- Up-to-date: /root/ros2_autonomous_racing/src/install/car_controller/share/car_controller/package.xml
[0.646s] Invoked command in '/root/ros2_autonomous_racing/src/build/car_controller' returned '0': CMAKE_PREFIX_PATH=${CMAKE_PREFIX_PATH}:/root/ros2_autonomous_racing/install/ros2_ackermann_gazebo:/opt/ros/humble /usr/bin/cmake --install /root/ros2_autonomous_racing/src/build/car_controller
