running egg_info
creating ../build/ros2_ackermann_gazebo/ros2_ackermann_gazebo.egg-info
writing ../build/ros2_ackermann_gazebo/ros2_ackermann_gazebo.egg-info/PKG-INFO
writing dependency_links to ../build/ros2_ackermann_gazebo/ros2_ackermann_gazebo.egg-info/dependency_links.txt
writing entry points to ../build/ros2_ackermann_gazebo/ros2_ackermann_gazebo.egg-info/entry_points.txt
writing requirements to ../build/ros2_ackermann_gazebo/ros2_ackermann_gazebo.egg-info/requires.txt
writing top-level names to ../build/ros2_ackermann_gazebo/ros2_ackermann_gazebo.egg-info/top_level.txt
writing manifest file '../build/ros2_ackermann_gazebo/ros2_ackermann_gazebo.egg-info/SOURCES.txt'
reading manifest file '../build/ros2_ackermann_gazebo/ros2_ackermann_gazebo.egg-info/SOURCES.txt'
adding license file 'LICENSE'
writing manifest file '../build/ros2_ackermann_gazebo/ros2_ackermann_gazebo.egg-info/SOURCES.txt'
running build
running build_py
creating /root/ros2_autonomous_racing/src/build/ros2_ackermann_gazebo/build
creating /root/ros2_autonomous_racing/src/build/ros2_ackermann_gazebo/build/lib
creating /root/ros2_autonomous_racing/src/build/ros2_ackermann_gazebo/build/lib/ros2_ackermann_gazebo
copying ros2_ackermann_gazebo/__init__.py -> /root/ros2_autonomous_racing/src/build/ros2_ackermann_gazebo/build/lib/ros2_ackermann_gazebo
running install
running install_lib
creating /root/ros2_autonomous_racing/src/install/ros2_ackermann_gazebo/lib/python3.10/site-packages/ros2_ackermann_gazebo
copying /root/ros2_autonomous_racing/src/build/ros2_ackermann_gazebo/build/lib/ros2_ackermann_gazebo/__init__.py -> /root/ros2_autonomous_racing/src/install/ros2_ackermann_gazebo/lib/python3.10/site-packages/ros2_ackermann_gazebo
byte-compiling /root/ros2_autonomous_racing/src/install/ros2_ackermann_gazebo/lib/python3.10/site-packages/ros2_ackermann_gazebo/__init__.py to __init__.cpython-310.pyc
running install_data
creating /root/ros2_autonomous_racing/src/install/ros2_ackermann_gazebo/share/ament_index
creating /root/ros2_autonomous_racing/src/install/ros2_ackermann_gazebo/share/ament_index/resource_index
creating /root/ros2_autonomous_racing/src/install/ros2_ackermann_gazebo/share/ament_index/resource_index/packages
copying resource/ros2_ackermann_gazebo -> /root/ros2_autonomous_racing/src/install/ros2_ackermann_gazebo/share/ament_index/resource_index/packages
copying package.xml -> /root/ros2_autonomous_racing/src/install/ros2_ackermann_gazebo/share/ros2_ackermann_gazebo
creating /root/ros2_autonomous_racing/src/install/ros2_ackermann_gazebo/share/ros2_ackermann_gazebo/urdf
copying urdf/test_ackermann_drive.xacro.urdf -> /root/ros2_autonomous_racing/src/install/ros2_ackermann_gazebo/share/ros2_ackermann_gazebo/urdf
creating /root/ros2_autonomous_racing/src/install/ros2_ackermann_gazebo/share/ros2_ackermann_gazebo/world
copying world/emtpy_export.sdf -> /root/ros2_autonomous_racing/src/install/ros2_ackermann_gazebo/share/ros2_ackermann_gazebo/world
creating /root/ros2_autonomous_racing/src/install/ros2_ackermann_gazebo/share/ros2_ackermann_gazebo/launch
copying launch/ackermann_drive_example.launch.py -> /root/ros2_autonomous_racing/src/install/ros2_ackermann_gazebo/share/ros2_ackermann_gazebo/launch
running install_egg_info
Copying ../build/ros2_ackermann_gazebo/ros2_ackermann_gazebo.egg-info to /root/ros2_autonomous_racing/src/install/ros2_ackermann_gazebo/lib/python3.10/site-packages/ros2_ackermann_gazebo-0.0.0-py3.10.egg-info
running install_scripts
writing list of installed files to '/root/ros2_autonomous_racing/src/build/ros2_ackermann_gazebo/install.log'
