[0.688s] Invoking command in '/root/ros2_autonomous_racing/src/ros2_ackermann_gazebo': PYTHONPATH=/root/ros2_autonomous_racing/src/build/ros2_ackermann_gazebo/prefix_override:/usr/lib/python3/dist-packages/colcon_core/task/python/colcon_distutils_commands:/root/ros2_autonomous_racing/src/install/ros2_ackermann_gazebo/lib/python3.10/site-packages:${PYTHONPATH} /usr/bin/python3 -W ignore:setup.py install is deprecated -W ignore:easy_install command is deprecated setup.py egg_info --egg-base ../build/ros2_ackermann_gazebo build --build-base /root/ros2_autonomous_racing/src/build/ros2_ackermann_gazebo/build install --record /root/ros2_autonomous_racing/src/build/ros2_ackermann_gazebo/install.log --single-version-externally-managed install_data
[0.944s] running egg_info
[0.945s] creating ../build/ros2_ackermann_gazebo/ros2_ackermann_gazebo.egg-info
[0.946s] writing ../build/ros2_ackermann_gazebo/ros2_ackermann_gazebo.egg-info/PKG-INFO
[0.947s] writing dependency_links to ../build/ros2_ackermann_gazebo/ros2_ackermann_gazebo.egg-info/dependency_links.txt
[0.947s] writing entry points to ../build/ros2_ackermann_gazebo/ros2_ackermann_gazebo.egg-info/entry_points.txt
[0.948s] writing requirements to ../build/ros2_ackermann_gazebo/ros2_ackermann_gazebo.egg-info/requires.txt
[0.948s] writing top-level names to ../build/ros2_ackermann_gazebo/ros2_ackermann_gazebo.egg-info/top_level.txt
[0.949s] writing manifest file '../build/ros2_ackermann_gazebo/ros2_ackermann_gazebo.egg-info/SOURCES.txt'
[0.950s] reading manifest file '../build/ros2_ackermann_gazebo/ros2_ackermann_gazebo.egg-info/SOURCES.txt'
[0.951s] adding license file 'LICENSE'
[0.951s] writing manifest file '../build/ros2_ackermann_gazebo/ros2_ackermann_gazebo.egg-info/SOURCES.txt'
[0.952s] running build
[0.952s] running build_py
[0.952s] creating /root/ros2_autonomous_racing/src/build/ros2_ackermann_gazebo/build
[0.952s] creating /root/ros2_autonomous_racing/src/build/ros2_ackermann_gazebo/build/lib
[0.953s] creating /root/ros2_autonomous_racing/src/build/ros2_ackermann_gazebo/build/lib/ros2_ackermann_gazebo
[0.953s] copying ros2_ackermann_gazebo/__init__.py -> /root/ros2_autonomous_racing/src/build/ros2_ackermann_gazebo/build/lib/ros2_ackermann_gazebo
[0.953s] running install
[0.954s] running install_lib
[0.955s] creating /root/ros2_autonomous_racing/src/install/ros2_ackermann_gazebo/lib/python3.10/site-packages/ros2_ackermann_gazebo
[0.956s] copying /root/ros2_autonomous_racing/src/build/ros2_ackermann_gazebo/build/lib/ros2_ackermann_gazebo/__init__.py -> /root/ros2_autonomous_racing/src/install/ros2_ackermann_gazebo/lib/python3.10/site-packages/ros2_ackermann_gazebo
[0.957s] byte-compiling /root/ros2_autonomous_racing/src/install/ros2_ackermann_gazebo/lib/python3.10/site-packages/ros2_ackermann_gazebo/__init__.py to __init__.cpython-310.pyc
[0.957s] running install_data
[0.958s] creating /root/ros2_autonomous_racing/src/install/ros2_ackermann_gazebo/share/ament_index
[0.958s] creating /root/ros2_autonomous_racing/src/install/ros2_ackermann_gazebo/share/ament_index/resource_index
[0.958s] creating /root/ros2_autonomous_racing/src/install/ros2_ackermann_gazebo/share/ament_index/resource_index/packages
[0.959s] copying resource/ros2_ackermann_gazebo -> /root/ros2_autonomous_racing/src/install/ros2_ackermann_gazebo/share/ament_index/resource_index/packages
[0.959s] copying package.xml -> /root/ros2_autonomous_racing/src/install/ros2_ackermann_gazebo/share/ros2_ackermann_gazebo
[0.959s] creating /root/ros2_autonomous_racing/src/install/ros2_ackermann_gazebo/share/ros2_ackermann_gazebo/urdf
[0.960s] copying urdf/test_ackermann_drive.xacro.urdf -> /root/ros2_autonomous_racing/src/install/ros2_ackermann_gazebo/share/ros2_ackermann_gazebo/urdf
[0.960s] creating /root/ros2_autonomous_racing/src/install/ros2_ackermann_gazebo/share/ros2_ackermann_gazebo/world
[0.960s] copying world/emtpy_export.sdf -> /root/ros2_autonomous_racing/src/install/ros2_ackermann_gazebo/share/ros2_ackermann_gazebo/world
[0.961s] creating /root/ros2_autonomous_racing/src/install/ros2_ackermann_gazebo/share/ros2_ackermann_gazebo/launch
[0.961s] copying launch/ackermann_drive_example.launch.py -> /root/ros2_autonomous_racing/src/install/ros2_ackermann_gazebo/share/ros2_ackermann_gazebo/launch
[0.961s] running install_egg_info
[0.968s] Copying ../build/ros2_ackermann_gazebo/ros2_ackermann_gazebo.egg-info to /root/ros2_autonomous_racing/src/install/ros2_ackermann_gazebo/lib/python3.10/site-packages/ros2_ackermann_gazebo-0.0.0-py3.10.egg-info
[0.968s] running install_scripts
[0.998s] writing list of installed files to '/root/ros2_autonomous_racing/src/build/ros2_ackermann_gazebo/install.log'
[1.039s] Invoked command in '/root/ros2_autonomous_racing/src/ros2_ackermann_gazebo' returned '0': PYTHONPATH=/root/ros2_autonomous_racing/src/build/ros2_ackermann_gazebo/prefix_override:/usr/lib/python3/dist-packages/colcon_core/task/python/colcon_distutils_commands:/root/ros2_autonomous_racing/src/install/ros2_ackermann_gazebo/lib/python3.10/site-packages:${PYTHONPATH} /usr/bin/python3 -W ignore:setup.py install is deprecated -W ignore:easy_install command is deprecated setup.py egg_info --egg-base ../build/ros2_ackermann_gazebo build --build-base /root/ros2_autonomous_racing/src/build/ros2_ackermann_gazebo/build install --record /root/ros2_autonomous_racing/src/build/ros2_ackermann_gazebo/install.log --single-version-externally-managed install_data
