[0.104s] DEBUG:colcon:Command line arguments: ['/usr/bin/colcon', 'build']
[0.104s] DEBUG:colcon:Parsed command line arguments: Namespace(log_base=None, log_level=None, verb_name='build', build_base='build', install_base='install', merge_install=False, symlink_install=False, test_result_base=None, continue_on_error=False, executor='parallel', parallel_workers=10, event_handlers=None, ignore_user_meta=False, metas=['./colcon.meta'], base_paths=['.'], packages_ignore=None, packages_ignore_regex=None, paths=None, packages_up_to=None, packages_up_to_regex=None, packages_above=None, packages_above_and_dependencies=None, packages_above_depth=None, packages_select_by_dep=None, packages_skip_by_dep=None, packages_skip_up_to=None, packages_select_build_failed=False, packages_skip_build_finished=False, packages_select_test_failures=False, packages_skip_test_passed=False, packages_select=None, packages_skip=None, packages_select_regex=None, packages_skip_regex=None, packages_start=None, packages_end=None, cmake_args=None, cmake_target=None, cmake_target_skip_unavailable=False, cmake_clean_cache=False, cmake_clean_first=False, cmake_force_configure=False, ament_cmake_args=None, catkin_cmake_args=None, catkin_skip_building_tests=False, mixin_files=None, mixin=None, verb_parser=<colcon_mixin.mixin.mixin_argument.MixinArgumentDecorator object at 0x7fa2cf0e9480>, verb_extension=<colcon_core.verb.build.BuildVerb object at 0x7fa2cf0e8f10>, main=<bound method BuildVerb.main of <colcon_core.verb.build.BuildVerb object at 0x7fa2cf0e8f10>>, mixin_verb=('build',))
[0.264s] Level 1:colcon.colcon_core.package_discovery:discover_packages(colcon_meta) check parameters
[0.264s] Level 1:colcon.colcon_core.package_discovery:discover_packages(recursive) check parameters
[0.264s] Level 1:colcon.colcon_core.package_discovery:discover_packages(ignore) check parameters
[0.264s] Level 1:colcon.colcon_core.package_discovery:discover_packages(path) check parameters
[0.264s] Level 1:colcon.colcon_core.package_discovery:discover_packages(colcon_meta) discover
[0.264s] Level 1:colcon.colcon_core.package_discovery:discover_packages(recursive) discover
[0.264s] INFO:colcon.colcon_core.package_discovery:Crawling recursively for packages in '/root/ros2_autonomous_racing/src'
[0.265s] Level 1:colcon.colcon_core.package_identification:_identify(.) by extensions ['ignore', 'ignore_ament_install']
[0.265s] Level 1:colcon.colcon_core.package_identification:_identify(.) by extension 'ignore'
[0.265s] Level 1:colcon.colcon_core.package_identification:_identify(.) by extension 'ignore_ament_install'
[0.265s] Level 1:colcon.colcon_core.package_identification:_identify(.) by extensions ['colcon_pkg']
[0.265s] Level 1:colcon.colcon_core.package_identification:_identify(.) by extension 'colcon_pkg'
[0.265s] Level 1:colcon.colcon_core.package_identification:_identify(.) by extensions ['colcon_meta']
[0.265s] Level 1:colcon.colcon_core.package_identification:_identify(.) by extension 'colcon_meta'
[0.265s] Level 1:colcon.colcon_core.package_identification:_identify(.) by extensions ['ros']
[0.265s] Level 1:colcon.colcon_core.package_identification:_identify(.) by extension 'ros'
[0.275s] Level 1:colcon.colcon_core.package_identification:_identify(.) by extensions ['cmake', 'python']
[0.275s] Level 1:colcon.colcon_core.package_identification:_identify(.) by extension 'cmake'
[0.275s] Level 1:colcon.colcon_core.package_identification:_identify(.) by extension 'python'
[0.276s] Level 1:colcon.colcon_core.package_identification:_identify(.) by extensions ['python_setup_py']
[0.276s] Level 1:colcon.colcon_core.package_identification:_identify(.) by extension 'python_setup_py'
[0.276s] Level 1:colcon.colcon_core.package_identification:_identify(build) by extensions ['ignore', 'ignore_ament_install']
[0.276s] Level 1:colcon.colcon_core.package_identification:_identify(build) by extension 'ignore'
[0.276s] Level 1:colcon.colcon_core.package_identification:_identify(build) ignored
[0.276s] Level 1:colcon.colcon_core.package_identification:_identify(car_controller) by extensions ['ignore', 'ignore_ament_install']
[0.276s] Level 1:colcon.colcon_core.package_identification:_identify(car_controller) by extension 'ignore'
[0.276s] Level 1:colcon.colcon_core.package_identification:_identify(car_controller) by extension 'ignore_ament_install'
[0.276s] Level 1:colcon.colcon_core.package_identification:_identify(car_controller) by extensions ['colcon_pkg']
[0.276s] Level 1:colcon.colcon_core.package_identification:_identify(car_controller) by extension 'colcon_pkg'
[0.276s] Level 1:colcon.colcon_core.package_identification:_identify(car_controller) by extensions ['colcon_meta']
[0.276s] Level 1:colcon.colcon_core.package_identification:_identify(car_controller) by extension 'colcon_meta'
[0.276s] Level 1:colcon.colcon_core.package_identification:_identify(car_controller) by extensions ['ros']
[0.276s] Level 1:colcon.colcon_core.package_identification:_identify(car_controller) by extension 'ros'
[0.279s] DEBUG:colcon.colcon_core.package_identification:Package 'car_controller' with type 'ros.ament_cmake' and name 'car_controller'
[0.279s] Level 1:colcon.colcon_core.package_identification:_identify(image_bag) by extensions ['ignore', 'ignore_ament_install']
[0.279s] Level 1:colcon.colcon_core.package_identification:_identify(image_bag) by extension 'ignore'
[0.279s] Level 1:colcon.colcon_core.package_identification:_identify(image_bag) by extension 'ignore_ament_install'
[0.279s] Level 1:colcon.colcon_core.package_identification:_identify(image_bag) by extensions ['colcon_pkg']
[0.279s] Level 1:colcon.colcon_core.package_identification:_identify(image_bag) by extension 'colcon_pkg'
[0.279s] Level 1:colcon.colcon_core.package_identification:_identify(image_bag) by extensions ['colcon_meta']
[0.279s] Level 1:colcon.colcon_core.package_identification:_identify(image_bag) by extension 'colcon_meta'
[0.279s] Level 1:colcon.colcon_core.package_identification:_identify(image_bag) by extensions ['ros']
[0.279s] Level 1:colcon.colcon_core.package_identification:_identify(image_bag) by extension 'ros'
[0.279s] Level 1:colcon.colcon_core.package_identification:_identify(image_bag) by extensions ['cmake', 'python']
[0.279s] Level 1:colcon.colcon_core.package_identification:_identify(image_bag) by extension 'cmake'
[0.279s] Level 1:colcon.colcon_core.package_identification:_identify(image_bag) by extension 'python'
[0.280s] Level 1:colcon.colcon_core.package_identification:_identify(image_bag) by extensions ['python_setup_py']
[0.280s] Level 1:colcon.colcon_core.package_identification:_identify(image_bag) by extension 'python_setup_py'
[0.280s] Level 1:colcon.colcon_core.package_identification:_identify(image_controller) by extensions ['ignore', 'ignore_ament_install']
[0.280s] Level 1:colcon.colcon_core.package_identification:_identify(image_controller) by extension 'ignore'
[0.280s] Level 1:colcon.colcon_core.package_identification:_identify(image_controller) by extension 'ignore_ament_install'
[0.280s] Level 1:colcon.colcon_core.package_identification:_identify(image_controller) by extensions ['colcon_pkg']
[0.280s] Level 1:colcon.colcon_core.package_identification:_identify(image_controller) by extension 'colcon_pkg'
[0.280s] Level 1:colcon.colcon_core.package_identification:_identify(image_controller) by extensions ['colcon_meta']
[0.280s] Level 1:colcon.colcon_core.package_identification:_identify(image_controller) by extension 'colcon_meta'
[0.280s] Level 1:colcon.colcon_core.package_identification:_identify(image_controller) by extensions ['ros']
[0.280s] Level 1:colcon.colcon_core.package_identification:_identify(image_controller) by extension 'ros'
[0.281s] DEBUG:colcon.colcon_core.package_identification:Package 'image_controller' with type 'ros.ament_cmake' and name 'image_controller'
[0.282s] Level 1:colcon.colcon_core.package_identification:_identify(install) by extensions ['ignore', 'ignore_ament_install']
[0.282s] Level 1:colcon.colcon_core.package_identification:_identify(install) by extension 'ignore'
[0.282s] Level 1:colcon.colcon_core.package_identification:_identify(install) ignored
[0.282s] Level 1:colcon.colcon_core.package_identification:_identify(log) by extensions ['ignore', 'ignore_ament_install']
[0.282s] Level 1:colcon.colcon_core.package_identification:_identify(log) by extension 'ignore'
[0.282s] Level 1:colcon.colcon_core.package_identification:_identify(log) ignored
[0.282s] Level 1:colcon.colcon_core.package_identification:_identify(ros2_ackermann_gazebo) by extensions ['ignore', 'ignore_ament_install']
[0.282s] Level 1:colcon.colcon_core.package_identification:_identify(ros2_ackermann_gazebo) by extension 'ignore'
[0.282s] Level 1:colcon.colcon_core.package_identification:_identify(ros2_ackermann_gazebo) by extension 'ignore_ament_install'
[0.282s] Level 1:colcon.colcon_core.package_identification:_identify(ros2_ackermann_gazebo) by extensions ['colcon_pkg']
[0.282s] Level 1:colcon.colcon_core.package_identification:_identify(ros2_ackermann_gazebo) by extension 'colcon_pkg'
[0.283s] Level 1:colcon.colcon_core.package_identification:_identify(ros2_ackermann_gazebo) by extensions ['colcon_meta']
[0.283s] Level 1:colcon.colcon_core.package_identification:_identify(ros2_ackermann_gazebo) by extension 'colcon_meta'
[0.283s] Level 1:colcon.colcon_core.package_identification:_identify(ros2_ackermann_gazebo) by extensions ['ros']
[0.283s] Level 1:colcon.colcon_core.package_identification:_identify(ros2_ackermann_gazebo) by extension 'ros'
[0.283s] DEBUG:colcon.colcon_core.package_identification:Package 'ros2_ackermann_gazebo' with type 'ros.ament_python' and name 'ros2_ackermann_gazebo'
[0.283s] Level 1:colcon.colcon_core.package_discovery:discover_packages(recursive) using defaults
[0.283s] Level 1:colcon.colcon_core.package_discovery:discover_packages(ignore) discover
[0.283s] Level 1:colcon.colcon_core.package_discovery:discover_packages(ignore) using defaults
[0.283s] Level 1:colcon.colcon_core.package_discovery:discover_packages(path) discover
[0.283s] Level 1:colcon.colcon_core.package_discovery:discover_packages(path) using defaults
[0.303s] Level 5:colcon.colcon_core.verb:set package 'car_controller' build argument 'cmake_args' from command line to 'None'
[0.303s] Level 5:colcon.colcon_core.verb:set package 'car_controller' build argument 'cmake_target' from command line to 'None'
[0.303s] Level 5:colcon.colcon_core.verb:set package 'car_controller' build argument 'cmake_target_skip_unavailable' from command line to 'False'
[0.303s] Level 5:colcon.colcon_core.verb:set package 'car_controller' build argument 'cmake_clean_cache' from command line to 'False'
[0.303s] Level 5:colcon.colcon_core.verb:set package 'car_controller' build argument 'cmake_clean_first' from command line to 'False'
[0.303s] Level 5:colcon.colcon_core.verb:set package 'car_controller' build argument 'cmake_force_configure' from command line to 'False'
[0.303s] Level 5:colcon.colcon_core.verb:set package 'car_controller' build argument 'ament_cmake_args' from command line to 'None'
[0.303s] Level 5:colcon.colcon_core.verb:set package 'car_controller' build argument 'catkin_cmake_args' from command line to 'None'
[0.303s] Level 5:colcon.colcon_core.verb:set package 'car_controller' build argument 'catkin_skip_building_tests' from command line to 'False'
[0.303s] DEBUG:colcon.colcon_core.verb:Building package 'car_controller' with the following arguments: {'ament_cmake_args': None, 'build_base': '/root/ros2_autonomous_racing/src/build/car_controller', 'catkin_cmake_args': None, 'catkin_skip_building_tests': False, 'cmake_args': None, 'cmake_clean_cache': False, 'cmake_clean_first': False, 'cmake_force_configure': False, 'cmake_target': None, 'cmake_target_skip_unavailable': False, 'install_base': '/root/ros2_autonomous_racing/src/install/car_controller', 'merge_install': False, 'path': '/root/ros2_autonomous_racing/src/car_controller', 'symlink_install': False, 'test_result_base': None}
[0.304s] Level 5:colcon.colcon_core.verb:set package 'image_controller' build argument 'cmake_args' from command line to 'None'
[0.304s] Level 5:colcon.colcon_core.verb:set package 'image_controller' build argument 'cmake_target' from command line to 'None'
[0.304s] Level 5:colcon.colcon_core.verb:set package 'image_controller' build argument 'cmake_target_skip_unavailable' from command line to 'False'
[0.304s] Level 5:colcon.colcon_core.verb:set package 'image_controller' build argument 'cmake_clean_cache' from command line to 'False'
[0.304s] Level 5:colcon.colcon_core.verb:set package 'image_controller' build argument 'cmake_clean_first' from command line to 'False'
[0.304s] Level 5:colcon.colcon_core.verb:set package 'image_controller' build argument 'cmake_force_configure' from command line to 'False'
[0.304s] Level 5:colcon.colcon_core.verb:set package 'image_controller' build argument 'ament_cmake_args' from command line to 'None'
[0.304s] Level 5:colcon.colcon_core.verb:set package 'image_controller' build argument 'catkin_cmake_args' from command line to 'None'
[0.304s] Level 5:colcon.colcon_core.verb:set package 'image_controller' build argument 'catkin_skip_building_tests' from command line to 'False'
[0.304s] DEBUG:colcon.colcon_core.verb:Building package 'image_controller' with the following arguments: {'ament_cmake_args': None, 'build_base': '/root/ros2_autonomous_racing/src/build/image_controller', 'catkin_cmake_args': None, 'catkin_skip_building_tests': False, 'cmake_args': None, 'cmake_clean_cache': False, 'cmake_clean_first': False, 'cmake_force_configure': False, 'cmake_target': None, 'cmake_target_skip_unavailable': False, 'install_base': '/root/ros2_autonomous_racing/src/install/image_controller', 'merge_install': False, 'path': '/root/ros2_autonomous_racing/src/image_controller', 'symlink_install': False, 'test_result_base': None}
[0.304s] Level 5:colcon.colcon_core.verb:set package 'ros2_ackermann_gazebo' build argument 'cmake_args' from command line to 'None'
[0.304s] Level 5:colcon.colcon_core.verb:set package 'ros2_ackermann_gazebo' build argument 'cmake_target' from command line to 'None'
[0.304s] Level 5:colcon.colcon_core.verb:set package 'ros2_ackermann_gazebo' build argument 'cmake_target_skip_unavailable' from command line to 'False'
[0.304s] Level 5:colcon.colcon_core.verb:set package 'ros2_ackermann_gazebo' build argument 'cmake_clean_cache' from command line to 'False'
[0.304s] Level 5:colcon.colcon_core.verb:set package 'ros2_ackermann_gazebo' build argument 'cmake_clean_first' from command line to 'False'
[0.305s] Level 5:colcon.colcon_core.verb:set package 'ros2_ackermann_gazebo' build argument 'cmake_force_configure' from command line to 'False'
[0.305s] Level 5:colcon.colcon_core.verb:set package 'ros2_ackermann_gazebo' build argument 'ament_cmake_args' from command line to 'None'
[0.305s] Level 5:colcon.colcon_core.verb:set package 'ros2_ackermann_gazebo' build argument 'catkin_cmake_args' from command line to 'None'
[0.305s] Level 5:colcon.colcon_core.verb:set package 'ros2_ackermann_gazebo' build argument 'catkin_skip_building_tests' from command line to 'False'
[0.305s] DEBUG:colcon.colcon_core.verb:Building package 'ros2_ackermann_gazebo' with the following arguments: {'ament_cmake_args': None, 'build_base': '/root/ros2_autonomous_racing/src/build/ros2_ackermann_gazebo', 'catkin_cmake_args': None, 'catkin_skip_building_tests': False, 'cmake_args': None, 'cmake_clean_cache': False, 'cmake_clean_first': False, 'cmake_force_configure': False, 'cmake_target': None, 'cmake_target_skip_unavailable': False, 'install_base': '/root/ros2_autonomous_racing/src/install/ros2_ackermann_gazebo', 'merge_install': False, 'path': '/root/ros2_autonomous_racing/src/ros2_ackermann_gazebo', 'symlink_install': False, 'test_result_base': None}
[0.305s] INFO:colcon.colcon_core.executor:Executing jobs using 'parallel' executor
[0.306s] DEBUG:colcon.colcon_parallel_executor.executor.parallel:run_until_complete
[0.307s] INFO:colcon.colcon_ros.task.ament_cmake.build:Building ROS package in '/root/ros2_autonomous_racing/src/car_controller' with build type 'ament_cmake'
[0.307s] INFO:colcon.colcon_cmake.task.cmake.build:Building CMake package in '/root/ros2_autonomous_racing/src/car_controller'
[0.309s] INFO:colcon.colcon_core.plugin_system:Skipping extension 'colcon_core.shell.bat': Not used on non-Windows systems
[0.309s] INFO:colcon.colcon_core.shell:Skip shell extension 'powershell' for command environment: Not usable outside of PowerShell
[0.309s] DEBUG:colcon.colcon_core.shell:Skip shell extension 'dsv' for command environment
[0.328s] INFO:colcon.colcon_ros.task.ament_cmake.build:Building ROS package in '/root/ros2_autonomous_racing/src/image_controller' with build type 'ament_cmake'
[0.328s] INFO:colcon.colcon_cmake.task.cmake.build:Building CMake package in '/root/ros2_autonomous_racing/src/image_controller'
[0.328s] INFO:colcon.colcon_core.shell:Skip shell extension 'powershell' for command environment: Not usable outside of PowerShell
[0.328s] DEBUG:colcon.colcon_core.shell:Skip shell extension 'dsv' for command environment
[0.333s] INFO:colcon.colcon_ros.task.ament_python.build:Building ROS package in '/root/ros2_autonomous_racing/src/ros2_ackermann_gazebo' with build type 'ament_python'
[0.333s] Level 1:colcon.colcon_core.shell:create_environment_hook('ros2_ackermann_gazebo', 'ament_prefix_path')
[0.334s] INFO:colcon.colcon_core.shell:Creating environment hook '/root/ros2_autonomous_racing/src/install/ros2_ackermann_gazebo/share/ros2_ackermann_gazebo/hook/ament_prefix_path.ps1'
[0.335s] INFO:colcon.colcon_core.shell:Creating environment descriptor '/root/ros2_autonomous_racing/src/install/ros2_ackermann_gazebo/share/ros2_ackermann_gazebo/hook/ament_prefix_path.dsv'
[0.336s] INFO:colcon.colcon_core.shell:Creating environment hook '/root/ros2_autonomous_racing/src/install/ros2_ackermann_gazebo/share/ros2_ackermann_gazebo/hook/ament_prefix_path.sh'
[0.337s] INFO:colcon.colcon_core.shell:Skip shell extension 'powershell' for command environment: Not usable outside of PowerShell
[0.337s] DEBUG:colcon.colcon_core.shell:Skip shell extension 'dsv' for command environment
[0.348s] DEBUG:colcon.colcon_core.event_handler.log_command:Invoking command in '/root/ros2_autonomous_racing/src/build/car_controller': CMAKE_PREFIX_PATH=${CMAKE_PREFIX_PATH}:/root/ros2_autonomous_racing/install/ros2_ackermann_gazebo:/opt/ros/humble /usr/bin/cmake /root/ros2_autonomous_racing/src/car_controller -DCMAKE_INSTALL_PREFIX=/root/ros2_autonomous_racing/src/install/car_controller
[0.355s] DEBUG:colcon.colcon_core.event_handler.log_command:Invoking command in '/root/ros2_autonomous_racing/src/build/image_controller': CMAKE_PREFIX_PATH=${CMAKE_PREFIX_PATH}:/root/ros2_autonomous_racing/install/ros2_ackermann_gazebo:/opt/ros/humble /usr/bin/cmake /root/ros2_autonomous_racing/src/image_controller -DCMAKE_INSTALL_PREFIX=/root/ros2_autonomous_racing/src/install/image_controller
[0.607s] INFO:colcon.colcon_core.task.python.build:Building Python package in '/root/ros2_autonomous_racing/src/ros2_ackermann_gazebo'
[0.607s] INFO:colcon.colcon_core.shell:Skip shell extension 'powershell' for command environment: Not usable outside of PowerShell
[0.607s] DEBUG:colcon.colcon_core.shell:Skip shell extension 'dsv' for command environment
[1.022s] DEBUG:colcon.colcon_core.event_handler.log_command:Invoking command in '/root/ros2_autonomous_racing/src/ros2_ackermann_gazebo': PYTHONPATH=/root/ros2_autonomous_racing/src/build/ros2_ackermann_gazebo/prefix_override:/usr/lib/python3/dist-packages/colcon_core/task/python/colcon_distutils_commands:/root/ros2_autonomous_racing/src/install/ros2_ackermann_gazebo/lib/python3.10/site-packages:${PYTHONPATH} /usr/bin/python3 -W ignore:setup.py install is deprecated -W ignore:easy_install command is deprecated setup.py egg_info --egg-base ../build/ros2_ackermann_gazebo build --build-base /root/ros2_autonomous_racing/src/build/ros2_ackermann_gazebo/build install --record /root/ros2_autonomous_racing/src/build/ros2_ackermann_gazebo/install.log --single-version-externally-managed install_data
[1.373s] DEBUG:colcon.colcon_core.event_handler.log_command:Invoked command in '/root/ros2_autonomous_racing/src/ros2_ackermann_gazebo' returned '0': PYTHONPATH=/root/ros2_autonomous_racing/src/build/ros2_ackermann_gazebo/prefix_override:/usr/lib/python3/dist-packages/colcon_core/task/python/colcon_distutils_commands:/root/ros2_autonomous_racing/src/install/ros2_ackermann_gazebo/lib/python3.10/site-packages:${PYTHONPATH} /usr/bin/python3 -W ignore:setup.py install is deprecated -W ignore:easy_install command is deprecated setup.py egg_info --egg-base ../build/ros2_ackermann_gazebo build --build-base /root/ros2_autonomous_racing/src/build/ros2_ackermann_gazebo/build install --record /root/ros2_autonomous_racing/src/build/ros2_ackermann_gazebo/install.log --single-version-externally-managed install_data
[1.375s] Level 1:colcon.colcon_core.environment:checking '/root/ros2_autonomous_racing/src/install/ros2_ackermann_gazebo' for CMake module files
[1.376s] Level 1:colcon.colcon_core.environment:checking '/root/ros2_autonomous_racing/src/install/ros2_ackermann_gazebo' for CMake config files
[1.377s] Level 1:colcon.colcon_core.environment:checking '/root/ros2_autonomous_racing/src/install/ros2_ackermann_gazebo/lib'
[1.377s] Level 1:colcon.colcon_core.environment:checking '/root/ros2_autonomous_racing/src/install/ros2_ackermann_gazebo/bin'
[1.377s] Level 1:colcon.colcon_core.environment:checking '/root/ros2_autonomous_racing/src/install/ros2_ackermann_gazebo/lib/pkgconfig/ros2_ackermann_gazebo.pc'
[1.377s] Level 1:colcon.colcon_core.environment:checking '/root/ros2_autonomous_racing/src/install/ros2_ackermann_gazebo/lib/python3.10/site-packages'
[1.377s] Level 1:colcon.colcon_core.shell:create_environment_hook('ros2_ackermann_gazebo', 'pythonpath')
[1.378s] INFO:colcon.colcon_core.shell:Creating environment hook '/root/ros2_autonomous_racing/src/install/ros2_ackermann_gazebo/share/ros2_ackermann_gazebo/hook/pythonpath.ps1'
[1.378s] INFO:colcon.colcon_core.shell:Creating environment descriptor '/root/ros2_autonomous_racing/src/install/ros2_ackermann_gazebo/share/ros2_ackermann_gazebo/hook/pythonpath.dsv'
[1.379s] INFO:colcon.colcon_core.shell:Creating environment hook '/root/ros2_autonomous_racing/src/install/ros2_ackermann_gazebo/share/ros2_ackermann_gazebo/hook/pythonpath.sh'
[1.380s] Level 1:colcon.colcon_core.environment:checking '/root/ros2_autonomous_racing/src/install/ros2_ackermann_gazebo/bin'
[1.380s] Level 1:colcon.colcon_core.environment:create_environment_scripts_only(ros2_ackermann_gazebo)
[1.381s] INFO:colcon.colcon_core.shell:Creating package script '/root/ros2_autonomous_racing/src/install/ros2_ackermann_gazebo/share/ros2_ackermann_gazebo/package.ps1'
[1.382s] INFO:colcon.colcon_core.shell:Creating package descriptor '/root/ros2_autonomous_racing/src/install/ros2_ackermann_gazebo/share/ros2_ackermann_gazebo/package.dsv'
[1.383s] INFO:colcon.colcon_core.shell:Creating package script '/root/ros2_autonomous_racing/src/install/ros2_ackermann_gazebo/share/ros2_ackermann_gazebo/package.sh'
[1.384s] INFO:colcon.colcon_core.shell:Creating package script '/root/ros2_autonomous_racing/src/install/ros2_ackermann_gazebo/share/ros2_ackermann_gazebo/package.bash'
[1.385s] INFO:colcon.colcon_core.shell:Creating package script '/root/ros2_autonomous_racing/src/install/ros2_ackermann_gazebo/share/ros2_ackermann_gazebo/package.zsh'
[1.386s] Level 1:colcon.colcon_core.environment:create_file_with_runtime_dependencies(/root/ros2_autonomous_racing/src/install/ros2_ackermann_gazebo/share/colcon-core/packages/ros2_ackermann_gazebo)
[1.694s] DEBUG:colcon.colcon_core.event_handler.log_command:Invoked command in '/root/ros2_autonomous_racing/src/build/car_controller' returned '0': CMAKE_PREFIX_PATH=${CMAKE_PREFIX_PATH}:/root/ros2_autonomous_racing/install/ros2_ackermann_gazebo:/opt/ros/humble /usr/bin/cmake /root/ros2_autonomous_racing/src/car_controller -DCMAKE_INSTALL_PREFIX=/root/ros2_autonomous_racing/src/install/car_controller
[1.697s] DEBUG:colcon.colcon_core.event_handler.log_command:Invoking command in '/root/ros2_autonomous_racing/src/build/car_controller': CMAKE_PREFIX_PATH=${CMAKE_PREFIX_PATH}:/root/ros2_autonomous_racing/install/ros2_ackermann_gazebo:/opt/ros/humble /usr/bin/cmake --build /root/ros2_autonomous_racing/src/build/car_controller -- -j10 -l10
[1.987s] DEBUG:colcon.colcon_core.event_handler.log_command:Invoked command in '/root/ros2_autonomous_racing/src/build/image_controller' returned '0': CMAKE_PREFIX_PATH=${CMAKE_PREFIX_PATH}:/root/ros2_autonomous_racing/install/ros2_ackermann_gazebo:/opt/ros/humble /usr/bin/cmake /root/ros2_autonomous_racing/src/image_controller -DCMAKE_INSTALL_PREFIX=/root/ros2_autonomous_racing/src/install/image_controller
[1.988s] DEBUG:colcon.colcon_core.event_handler.log_command:Invoking command in '/root/ros2_autonomous_racing/src/build/image_controller': CMAKE_PREFIX_PATH=${CMAKE_PREFIX_PATH}:/root/ros2_autonomous_racing/install/ros2_ackermann_gazebo:/opt/ros/humble /usr/bin/cmake --build /root/ros2_autonomous_racing/src/build/image_controller -- -j10 -l10
[14.679s] DEBUG:colcon.colcon_core.event_handler.log_command:Invoked command in '/root/ros2_autonomous_racing/src/build/image_controller' returned '0': CMAKE_PREFIX_PATH=${CMAKE_PREFIX_PATH}:/root/ros2_autonomous_racing/install/ros2_ackermann_gazebo:/opt/ros/humble /usr/bin/cmake --build /root/ros2_autonomous_racing/src/build/image_controller -- -j10 -l10
[14.689s] DEBUG:colcon.colcon_core.event_handler.log_command:Invoking command in '/root/ros2_autonomous_racing/src/build/image_controller': CMAKE_PREFIX_PATH=${CMAKE_PREFIX_PATH}:/root/ros2_autonomous_racing/install/ros2_ackermann_gazebo:/opt/ros/humble /usr/bin/cmake --install /root/ros2_autonomous_racing/src/build/image_controller
[14.706s] DEBUG:colcon.colcon_core.event_handler.log_command:Invoked command in '/root/ros2_autonomous_racing/src/build/car_controller' returned '0': CMAKE_PREFIX_PATH=${CMAKE_PREFIX_PATH}:/root/ros2_autonomous_racing/install/ros2_ackermann_gazebo:/opt/ros/humble /usr/bin/cmake --build /root/ros2_autonomous_racing/src/build/car_controller -- -j10 -l10
[14.708s] DEBUG:colcon.colcon_core.event_handler.log_command:Invoking command in '/root/ros2_autonomous_racing/src/build/car_controller': CMAKE_PREFIX_PATH=${CMAKE_PREFIX_PATH}:/root/ros2_autonomous_racing/install/ros2_ackermann_gazebo:/opt/ros/humble /usr/bin/cmake --install /root/ros2_autonomous_racing/src/build/car_controller
[14.740s] Level 1:colcon.colcon_core.environment:create_environment_scripts_only(car_controller)
[14.741s] Level 1:colcon.colcon_core.environment:checking '/root/ros2_autonomous_racing/src/install/car_controller' for CMake module files
[14.742s] DEBUG:colcon.colcon_core.event_handler.log_command:Invoked command in '/root/ros2_autonomous_racing/src/build/car_controller' returned '0': CMAKE_PREFIX_PATH=${CMAKE_PREFIX_PATH}:/root/ros2_autonomous_racing/install/ros2_ackermann_gazebo:/opt/ros/humble /usr/bin/cmake --install /root/ros2_autonomous_racing/src/build/car_controller
[14.742s] Level 1:colcon.colcon_core.environment:checking '/root/ros2_autonomous_racing/src/install/car_controller' for CMake config files
[14.742s] Level 1:colcon.colcon_core.shell:create_environment_hook('car_controller', 'cmake_prefix_path')
[14.743s] INFO:colcon.colcon_core.shell:Creating environment hook '/root/ros2_autonomous_racing/src/install/car_controller/share/car_controller/hook/cmake_prefix_path.ps1'
[14.744s] INFO:colcon.colcon_core.shell:Creating environment descriptor '/root/ros2_autonomous_racing/src/install/car_controller/share/car_controller/hook/cmake_prefix_path.dsv'
[14.744s] INFO:colcon.colcon_core.shell:Creating environment hook '/root/ros2_autonomous_racing/src/install/car_controller/share/car_controller/hook/cmake_prefix_path.sh'
[14.745s] Level 1:colcon.colcon_core.environment:checking '/root/ros2_autonomous_racing/src/install/car_controller/lib'
[14.745s] Level 1:colcon.colcon_core.environment:checking '/root/ros2_autonomous_racing/src/install/car_controller/bin'
[14.745s] Level 1:colcon.colcon_core.environment:checking '/root/ros2_autonomous_racing/src/install/car_controller/lib/pkgconfig/car_controller.pc'
[14.745s] Level 1:colcon.colcon_core.environment:checking '/root/ros2_autonomous_racing/src/install/car_controller/lib/python3.10/site-packages'
[14.746s] Level 1:colcon.colcon_core.environment:checking '/root/ros2_autonomous_racing/src/install/car_controller/bin'
[14.746s] INFO:colcon.colcon_core.shell:Creating package script '/root/ros2_autonomous_racing/src/install/car_controller/share/car_controller/package.ps1'
[14.747s] INFO:colcon.colcon_core.shell:Creating package descriptor '/root/ros2_autonomous_racing/src/install/car_controller/share/car_controller/package.dsv'
[14.747s] INFO:colcon.colcon_core.shell:Creating package script '/root/ros2_autonomous_racing/src/install/car_controller/share/car_controller/package.sh'
[14.748s] INFO:colcon.colcon_core.shell:Creating package script '/root/ros2_autonomous_racing/src/install/car_controller/share/car_controller/package.bash'
[14.748s] INFO:colcon.colcon_core.shell:Creating package script '/root/ros2_autonomous_racing/src/install/car_controller/share/car_controller/package.zsh'
[14.749s] Level 1:colcon.colcon_core.environment:create_file_with_runtime_dependencies(/root/ros2_autonomous_racing/src/install/car_controller/share/colcon-core/packages/car_controller)
[14.750s] Level 1:colcon.colcon_core.environment:create_environment_scripts_only(car_controller)
[14.750s] Level 1:colcon.colcon_core.environment:checking '/root/ros2_autonomous_racing/src/install/car_controller' for CMake module files
[14.751s] Level 1:colcon.colcon_core.environment:checking '/root/ros2_autonomous_racing/src/install/car_controller' for CMake config files
[14.751s] Level 1:colcon.colcon_core.shell:create_environment_hook('car_controller', 'cmake_prefix_path')
[14.751s] INFO:colcon.colcon_core.shell:Creating environment hook '/root/ros2_autonomous_racing/src/install/car_controller/share/car_controller/hook/cmake_prefix_path.ps1'
[14.753s] INFO:colcon.colcon_core.shell:Creating environment descriptor '/root/ros2_autonomous_racing/src/install/car_controller/share/car_controller/hook/cmake_prefix_path.dsv'
[14.753s] INFO:colcon.colcon_core.shell:Creating environment hook '/root/ros2_autonomous_racing/src/install/car_controller/share/car_controller/hook/cmake_prefix_path.sh'
[14.754s] Level 1:colcon.colcon_core.environment:checking '/root/ros2_autonomous_racing/src/install/car_controller/lib'
[14.754s] Level 1:colcon.colcon_core.environment:checking '/root/ros2_autonomous_racing/src/install/car_controller/bin'
[14.754s] Level 1:colcon.colcon_core.environment:checking '/root/ros2_autonomous_racing/src/install/car_controller/lib/pkgconfig/car_controller.pc'
[14.755s] Level 1:colcon.colcon_core.environment:checking '/root/ros2_autonomous_racing/src/install/car_controller/lib/python3.10/site-packages'
[14.755s] Level 1:colcon.colcon_core.environment:checking '/root/ros2_autonomous_racing/src/install/car_controller/bin'
[14.755s] INFO:colcon.colcon_core.shell:Creating package script '/root/ros2_autonomous_racing/src/install/car_controller/share/car_controller/package.ps1'
[14.756s] INFO:colcon.colcon_core.shell:Creating package descriptor '/root/ros2_autonomous_racing/src/install/car_controller/share/car_controller/package.dsv'
[14.756s] INFO:colcon.colcon_core.shell:Creating package script '/root/ros2_autonomous_racing/src/install/car_controller/share/car_controller/package.sh'
[14.757s] INFO:colcon.colcon_core.shell:Creating package script '/root/ros2_autonomous_racing/src/install/car_controller/share/car_controller/package.bash'
[14.758s] INFO:colcon.colcon_core.shell:Creating package script '/root/ros2_autonomous_racing/src/install/car_controller/share/car_controller/package.zsh'
[14.759s] Level 1:colcon.colcon_core.environment:create_file_with_runtime_dependencies(/root/ros2_autonomous_racing/src/install/car_controller/share/colcon-core/packages/car_controller)
[14.766s] Level 1:colcon.colcon_core.environment:create_environment_scripts_only(image_controller)
[14.767s] Level 1:colcon.colcon_core.environment:checking '/root/ros2_autonomous_racing/src/install/image_controller' for CMake module files
[14.767s] DEBUG:colcon.colcon_core.event_handler.log_command:Invoked command in '/root/ros2_autonomous_racing/src/build/image_controller' returned '0': CMAKE_PREFIX_PATH=${CMAKE_PREFIX_PATH}:/root/ros2_autonomous_racing/install/ros2_ackermann_gazebo:/opt/ros/humble /usr/bin/cmake --install /root/ros2_autonomous_racing/src/build/image_controller
[14.768s] Level 1:colcon.colcon_core.environment:checking '/root/ros2_autonomous_racing/src/install/image_controller' for CMake config files
[14.768s] Level 1:colcon.colcon_core.shell:create_environment_hook('image_controller', 'cmake_prefix_path')
[14.768s] INFO:colcon.colcon_core.shell:Creating environment hook '/root/ros2_autonomous_racing/src/install/image_controller/share/image_controller/hook/cmake_prefix_path.ps1'
[14.769s] INFO:colcon.colcon_core.shell:Creating environment descriptor '/root/ros2_autonomous_racing/src/install/image_controller/share/image_controller/hook/cmake_prefix_path.dsv'
[14.770s] INFO:colcon.colcon_core.shell:Creating environment hook '/root/ros2_autonomous_racing/src/install/image_controller/share/image_controller/hook/cmake_prefix_path.sh'
[14.771s] Level 1:colcon.colcon_core.environment:checking '/root/ros2_autonomous_racing/src/install/image_controller/lib'
[14.771s] Level 1:colcon.colcon_core.environment:checking '/root/ros2_autonomous_racing/src/install/image_controller/bin'
[14.771s] Level 1:colcon.colcon_core.environment:checking '/root/ros2_autonomous_racing/src/install/image_controller/lib/pkgconfig/image_controller.pc'
[14.771s] Level 1:colcon.colcon_core.environment:checking '/root/ros2_autonomous_racing/src/install/image_controller/lib/python3.10/site-packages'
[14.771s] Level 1:colcon.colcon_core.environment:checking '/root/ros2_autonomous_racing/src/install/image_controller/bin'
[14.772s] INFO:colcon.colcon_core.shell:Creating package script '/root/ros2_autonomous_racing/src/install/image_controller/share/image_controller/package.ps1'
[14.772s] INFO:colcon.colcon_core.shell:Creating package descriptor '/root/ros2_autonomous_racing/src/install/image_controller/share/image_controller/package.dsv'
[14.773s] INFO:colcon.colcon_core.shell:Creating package script '/root/ros2_autonomous_racing/src/install/image_controller/share/image_controller/package.sh'
[14.774s] INFO:colcon.colcon_core.shell:Creating package script '/root/ros2_autonomous_racing/src/install/image_controller/share/image_controller/package.bash'
[14.774s] INFO:colcon.colcon_core.shell:Creating package script '/root/ros2_autonomous_racing/src/install/image_controller/share/image_controller/package.zsh'
[14.775s] Level 1:colcon.colcon_core.environment:create_file_with_runtime_dependencies(/root/ros2_autonomous_racing/src/install/image_controller/share/colcon-core/packages/image_controller)
[14.776s] Level 1:colcon.colcon_core.environment:create_environment_scripts_only(image_controller)
[14.776s] Level 1:colcon.colcon_core.environment:checking '/root/ros2_autonomous_racing/src/install/image_controller' for CMake module files
[14.777s] Level 1:colcon.colcon_core.environment:checking '/root/ros2_autonomous_racing/src/install/image_controller' for CMake config files
[14.777s] Level 1:colcon.colcon_core.shell:create_environment_hook('image_controller', 'cmake_prefix_path')
[14.777s] INFO:colcon.colcon_core.shell:Creating environment hook '/root/ros2_autonomous_racing/src/install/image_controller/share/image_controller/hook/cmake_prefix_path.ps1'
[14.778s] INFO:colcon.colcon_core.shell:Creating environment descriptor '/root/ros2_autonomous_racing/src/install/image_controller/share/image_controller/hook/cmake_prefix_path.dsv'
[14.778s] INFO:colcon.colcon_core.shell:Creating environment hook '/root/ros2_autonomous_racing/src/install/image_controller/share/image_controller/hook/cmake_prefix_path.sh'
[14.779s] Level 1:colcon.colcon_core.environment:checking '/root/ros2_autonomous_racing/src/install/image_controller/lib'
[14.779s] Level 1:colcon.colcon_core.environment:checking '/root/ros2_autonomous_racing/src/install/image_controller/bin'
[14.779s] Level 1:colcon.colcon_core.environment:checking '/root/ros2_autonomous_racing/src/install/image_controller/lib/pkgconfig/image_controller.pc'
[14.779s] Level 1:colcon.colcon_core.environment:checking '/root/ros2_autonomous_racing/src/install/image_controller/lib/python3.10/site-packages'
[14.780s] Level 1:colcon.colcon_core.environment:checking '/root/ros2_autonomous_racing/src/install/image_controller/bin'
[14.780s] INFO:colcon.colcon_core.shell:Creating package script '/root/ros2_autonomous_racing/src/install/image_controller/share/image_controller/package.ps1'
[14.781s] INFO:colcon.colcon_core.shell:Creating package descriptor '/root/ros2_autonomous_racing/src/install/image_controller/share/image_controller/package.dsv'
[14.781s] INFO:colcon.colcon_core.shell:Creating package script '/root/ros2_autonomous_racing/src/install/image_controller/share/image_controller/package.sh'
[14.782s] INFO:colcon.colcon_core.shell:Creating package script '/root/ros2_autonomous_racing/src/install/image_controller/share/image_controller/package.bash'
[14.782s] INFO:colcon.colcon_core.shell:Creating package script '/root/ros2_autonomous_racing/src/install/image_controller/share/image_controller/package.zsh'
[14.783s] Level 1:colcon.colcon_core.environment:create_file_with_runtime_dependencies(/root/ros2_autonomous_racing/src/install/image_controller/share/colcon-core/packages/image_controller)
[14.783s] DEBUG:colcon.colcon_parallel_executor.executor.parallel:closing loop
[14.784s] DEBUG:colcon.colcon_parallel_executor.executor.parallel:loop closed
[14.784s] DEBUG:colcon.colcon_parallel_executor.executor.parallel:run_until_complete finished with '0'
[14.784s] DEBUG:colcon.colcon_core.event_reactor:joining thread
[14.791s] INFO:colcon.colcon_core.plugin_system:Skipping extension 'colcon_notification.desktop_notification.notify_send': Could not find 'notify-send'
[14.791s] INFO:colcon.colcon_core.plugin_system:Skipping extension 'colcon_notification.desktop_notification.terminal_notifier': Not used on non-Darwin systems
[14.791s] INFO:colcon.colcon_core.plugin_system:Skipping extension 'colcon_notification.desktop_notification.win32': Not used on non-Windows systems
[14.791s] INFO:colcon.colcon_notification.desktop_notification:Sending desktop notification using 'notify2'
[14.794s] DEBUG:colcon.colcon_notification.desktop_notification.notify2:Failed to initialize notify2: org.freedesktop.DBus.Error.Spawn.ExecFailed: /usr/bin/dbus-launch terminated abnormally without any error message
[14.795s] DEBUG:colcon.colcon_core.event_reactor:joined thread
[14.795s] INFO:colcon.colcon_core.shell:Creating prefix script '/root/ros2_autonomous_racing/src/install/local_setup.ps1'
[14.797s] INFO:colcon.colcon_core.shell:Creating prefix util module '/root/ros2_autonomous_racing/src/install/_local_setup_util_ps1.py'
[14.798s] INFO:colcon.colcon_core.shell:Creating prefix chain script '/root/ros2_autonomous_racing/src/install/setup.ps1'
[14.800s] INFO:colcon.colcon_core.shell:Creating prefix script '/root/ros2_autonomous_racing/src/install/local_setup.sh'
[14.801s] INFO:colcon.colcon_core.shell:Creating prefix util module '/root/ros2_autonomous_racing/src/install/_local_setup_util_sh.py'
[14.801s] INFO:colcon.colcon_core.shell:Creating prefix chain script '/root/ros2_autonomous_racing/src/install/setup.sh'
[14.803s] INFO:colcon.colcon_core.shell:Creating prefix script '/root/ros2_autonomous_racing/src/install/local_setup.bash'
[14.803s] INFO:colcon.colcon_core.shell:Creating prefix chain script '/root/ros2_autonomous_racing/src/install/setup.bash'
[14.805s] INFO:colcon.colcon_core.shell:Creating prefix script '/root/ros2_autonomous_racing/src/install/local_setup.zsh'
[14.805s] INFO:colcon.colcon_core.shell:Creating prefix chain script '/root/ros2_autonomous_racing/src/install/setup.zsh'
